{"name":"createDealTest","status":"failed","statusDetails":{"known":false,"muted":false,"flaky":false,"message":"Invalid element state: invalid element state\nScreenshot: file:/Users/hidlovskys/Documents/repos/java/RXUI_Automation/build/reports/tests/rx/DealsTest/createDealTest/1654675597513.0.png\nPage source: file:/Users/hidlovskys/Documents/repos/java/RXUI_Automation/build/reports/tests/rx/DealsTest/createDealTest/1654675597513.0.html\nTimeout: 10 s.\nCaused by: InvalidElementStateException: invalid element state","trace":"Invalid element state: invalid element state\nScreenshot: file:/Users/hidlovskys/Documents/repos/java/RXUI_Automation/build/reports/tests/rx/DealsTest/createDealTest/1654675597513.0.png\nPage source: file:/Users/hidlovskys/Documents/repos/java/RXUI_Automation/build/reports/tests/rx/DealsTest/createDealTest/1654675597513.0.html\nTimeout: 10 s.\nCaused by: InvalidElementStateException: invalid element state\n\tat com.codeborne.selenide.impl.ExceptionWrapper.wrap(ExceptionWrapper.java:26)\n\tat com.codeborne.selenide.impl.SelenideElementProxy.dispatchAndRetry(SelenideElementProxy.java:156)\n\tat com.codeborne.selenide.impl.SelenideElementProxy.invoke(SelenideElementProxy.java:86)\n\tat com.sun.proxy.$Proxy26.setValue(Unknown Source)\n\tat managers.TestManager$TestManagerBuilder.selectFromDropdownWithSearch(TestManager.java:414)\n\tat rx.DealsTest.createDealTest(DealsTest.java:55)\n\tat java.base/jdk.internal.reflect.NativeMethodAccessorImpl.invoke0(Native Method)\n\tat java.base/jdk.internal.reflect.NativeMethodAccessorImpl.invoke(NativeMethodAccessorImpl.java:62)\n\tat java.base/jdk.internal.reflect.DelegatingMethodAccessorImpl.invoke(DelegatingMethodAccessorImpl.java:43)\n\tat java.base/java.lang.reflect.Method.invoke(Method.java:566)\n\tat org.testng.internal.MethodInvocationHelper.invokeMethod(MethodInvocationHelper.java:134)\n\tat org.testng.internal.TestInvoker.invokeMethod(TestInvoker.java:597)\n\tat org.testng.internal.TestInvoker.invokeTestMethod(TestInvoker.java:173)\n\tat org.testng.internal.MethodRunner.runInSequence(MethodRunner.java:46)\n\tat org.testng.internal.TestInvoker$MethodInvocationAgent.invoke(TestInvoker.java:816)\n\tat org.testng.internal.TestInvoker.invokeTestMethods(TestInvoker.java:146)\n\tat org.testng.internal.TestMethodWorker.invokeTestMethods(TestMethodWorker.java:146)\n\tat org.testng.internal.TestMethodWorker.run(TestMethodWorker.java:128)\n\tat java.base/java.util.ArrayList.forEach(ArrayList.java:1541)\n\tat org.testng.TestRunner.privateRun(TestRunner.java:766)\n\tat org.testng.TestRunner.run(TestRunner.java:587)\n\tat org.testng.SuiteRunner.runTest(SuiteRunner.java:384)\n\tat org.testng.SuiteRunner.runSequentially(SuiteRunner.java:378)\n\tat org.testng.SuiteRunner.privateRun(SuiteRunner.java:337)\n\tat org.testng.SuiteRunner.run(SuiteRunner.java:286)\n\tat org.testng.SuiteRunnerWorker.runSuite(SuiteRunnerWorker.java:53)\n\tat org.testng.SuiteRunnerWorker.run(SuiteRunnerWorker.java:96)\n\tat org.testng.TestNG.runSuitesSequentially(TestNG.java:1187)\n\tat org.testng.TestNG.runSuitesLocally(TestNG.java:1109)\n\tat org.testng.TestNG.runSuites(TestNG.java:1039)\n\tat org.testng.TestNG.run(TestNG.java:1007)\n\tat com.intellij.rt.testng.IDEARemoteTestNG.run(IDEARemoteTestNG.java:66)\n\tat com.intellij.rt.testng.RemoteTestNGStarter.main(RemoteTestNGStarter.java:109)\nCaused by: org.openqa.selenium.InvalidElementStateException: invalid element state\n  (Session info: chrome=102.0.5005.61)\nBuild info: version: '3.141.59', revision: 'e82be7d358', time: '2018-11-14T08:17:03'\nSystem info: host: 'US06311984.intra.rakuten.co.jp', ip: 'fe80:0:0:0:1056:151a:18c2:4c85%en0', os.name: 'Mac OS X', os.arch: 'x86_64', os.version: '10.15.7', java.version: '11.0.13'\nDriver info: org.openqa.selenium.chrome.ChromeDriver\nCapabilities {acceptInsecureCerts: true, browserName: chrome, browserVersion: 102.0.5005.61, chrome: {chromedriverVersion: 102.0.5005.61 (0e59bcc00cc4..., userDataDir: /var/folders/19/sqtph3ms31b...}, goog:chromeOptions: {debuggerAddress: localhost:51092}, javascriptEnabled: true, networkConnectionEnabled: false, pageLoadStrategy: normal, platform: MAC, platformName: MAC, proxy: Proxy(), setWindowRect: true, strictFileInteractability: false, timeouts: {implicit: 0, pageLoad: 300000, script: 30000}, unhandledPromptBehavior: dismiss and notify, webauthn:extension:credBlob: true, webauthn:extension:largeBlob: true, webauthn:virtualAuthenticators: true}\nSession ID: 2c7f99b72ee355106b0db536cbd11529\n\tat jdk.internal.reflect.GeneratedConstructorAccessor15.newInstance(Unknown Source)\n\tat java.base/jdk.internal.reflect.DelegatingConstructorAccessorImpl.newInstance(DelegatingConstructorAccessorImpl.java:45)\n\tat java.base/java.lang.reflect.Constructor.newInstance(Constructor.java:490)\n\tat org.openqa.selenium.remote.http.W3CHttpResponseCodec.createException(W3CHttpResponseCodec.java:187)\n\tat org.openqa.selenium.remote.http.W3CHttpResponseCodec.decode(W3CHttpResponseCodec.java:122)\n\tat org.openqa.selenium.remote.http.W3CHttpResponseCodec.decode(W3CHttpResponseCodec.java:49)\n\tat org.openqa.selenium.remote.HttpCommandExecutor.execute(HttpCommandExecutor.java:158)\n\tat org.openqa.selenium.remote.service.DriverCommandExecutor.execute(DriverCommandExecutor.java:83)\n\tat org.openqa.selenium.remote.RemoteWebDriver.execute(RemoteWebDriver.java:552)\n\tat org.openqa.selenium.remote.RemoteWebElement.execute(RemoteWebElement.java:285)\n\tat org.openqa.selenium.remote.RemoteWebElement.clear(RemoteWebElement.java:124)\n\tat com.codeborne.selenide.commands.SetValue.setValueForTextInput(SetValue.java:68)\n\tat com.codeborne.selenide.commands.SetValue.execute(SetValue.java:39)\n\tat com.codeborne.selenide.commands.SetValue.execute(SetValue.java:17)\n\tat com.codeborne.selenide.commands.Commands.execute(Commands.java:157)\n\tat com.codeborne.selenide.impl.SelenideElementProxy.dispatchAndRetry(SelenideElementProxy.java:134)\n\t... 31 more\n"},"stage":"finished","steps":[{"name":"Opening path 'https://qa-publisher-portal.rmp.rakuten.com/sales/deals'","status":"passed","stage":"finished","steps":[],"attachments":[],"parameters":[],"start":1654675576387,"stop":1654675576387},{"name":"Logging with user with mail 'os-serhii.shydlovsky@rakuten.com' and password 'Password1'","status":"passed","stage":"finished","steps":[],"attachments":[],"parameters":[],"start":1654675581934,"stop":1654675581934},{"name":"Validating 'Logo' Icon is visible on UI","status":"passed","stage":"finished","steps":[],"attachments":[],"parameters":[],"start":1654675584949,"stop":1654675584949},{"name":"Validating Web element with text 'os-serhii.shydlovsky@rakuten.com' is visible on UI","status":"passed","stage":"finished","steps":[],"attachments":[],"parameters":[],"start":1654675585202,"stop":1654675585202},{"name":"Validating 'Page Load Progressbar' is hidden on UI","status":"passed","stage":"finished","steps":[],"attachments":[],"parameters":[],"start":1654675585272,"stop":1654675585272},{"name":"Validating 'Table ProgressBar' is hidden on UI","status":"passed","stage":"finished","steps":[],"attachments":[],"parameters":[],"start":1654675585297,"stop":1654675585297},{"name":"Clicking on 'Create Deal' Button","status":"passed","stage":"finished","steps":[],"attachments":[],"parameters":[],"start":1654675585324,"stop":1654675585324},{"name":"Waiting Sidebar is opened and visible","status":"passed","stage":"finished","steps":[],"attachments":[],"parameters":[],"start":1654675585573,"stop":1654675585573}],"attachments":[{"name":"Screenshot","source":"2351c70d-122c-4c15-b034-bbe0557903dc-attachment.png","type":"image/png"}],"parameters":[],"start":1654675576372,"stop":1654675598393,"uuid":"03e8f1d2-ee09-4cae-841b-79918b059f57","historyId":"6cb8b14488dd4bc299b49353fbc9524c","fullName":"rx.DealsTest.createDealTest","labels":[{"name":"package","value":"rx.DealsTest"},{"name":"testClass","value":"rx.DealsTest"},{"name":"testMethod","value":"createDealTest"},{"name":"parentSuite","value":"Default Suite"},{"name":"suite","value":"RXUI_Automation"},{"name":"subSuite","value":"rx.DealsTest"},{"name":"host","value":"US06311984.intra.rakuten.co.jp"},{"name":"thread","value":"1751@US06311984.intra.rakuten.co.jp.main(1)"},{"name":"framework","value":"testng"},{"name":"language","value":"java"}],"links":[]}