{"name":"checkColumns","status":"failed","statusDetails":{"known":false,"muted":false,"flaky":false,"message":"Invalid element state: element click intercepted: Element <span class=\"v-btn__content\">...</span> is not clickable at point (1146, 9). Other element would receive the click: <div class=\"v-toolbar__content\" style=\"height: 64px;\">...</div>\r\nScreenshot: file:/C:/Users/maxim.semin/IdeaProjects/RXUI_Automation/build/reports/tests/rx/TableDataTests/checkColumns/1656007240869.0.png\r\nPage source: file:/C:/Users/maxim.semin/IdeaProjects/RXUI_Automation/build/reports/tests/rx/TableDataTests/checkColumns/1656007240869.0.html\r\nTimeout: 10 s.\r\nCaused by: ElementClickInterceptedException: element click intercepted: Element <span class=\"v-btn__content\">...</span> is not clickable at point (1146, 9). Other element would receive the click: <div class=\"v-toolbar__content\" style=\"height: 64px;\">...</div>","trace":"Invalid element state: element click intercepted: Element <span class=\"v-btn__content\">...</span> is not clickable at point (1146, 9). Other element would receive the click: <div class=\"v-toolbar__content\" style=\"height: 64px;\">...</div>\r\nScreenshot: file:/C:/Users/maxim.semin/IdeaProjects/RXUI_Automation/build/reports/tests/rx/TableDataTests/checkColumns/1656007240869.0.png\r\nPage source: file:/C:/Users/maxim.semin/IdeaProjects/RXUI_Automation/build/reports/tests/rx/TableDataTests/checkColumns/1656007240869.0.html\r\nTimeout: 10 s.\r\nCaused by: ElementClickInterceptedException: element click intercepted: Element <span class=\"v-btn__content\">...</span> is not clickable at point (1146, 9). Other element would receive the click: <div class=\"v-toolbar__content\" style=\"height: 64px;\">...</div>\r\n\tat com.codeborne.selenide.impl.ExceptionWrapper.wrap(ExceptionWrapper.java:26)\r\n\tat com.codeborne.selenide.impl.SelenideElementProxy.dispatchAndRetry(SelenideElementProxy.java:156)\r\n\tat com.codeborne.selenide.impl.SelenideElementProxy.invoke(SelenideElementProxy.java:86)\r\n\tat com.sun.proxy.$Proxy26.click(Unknown Source)\r\n\tat managers.TestManager$TestManagerBuilder.clickOnWebElement(TestManager.java:127)\r\n\tat rx.TableDataTests.checkColumns(TableDataTests.java:53)\r\n\tat java.base/jdk.internal.reflect.NativeMethodAccessorImpl.invoke0(Native Method)\r\n\tat java.base/jdk.internal.reflect.NativeMethodAccessorImpl.invoke(NativeMethodAccessorImpl.java:62)\r\n\tat java.base/jdk.internal.reflect.DelegatingMethodAccessorImpl.invoke(DelegatingMethodAccessorImpl.java:43)\r\n\tat java.base/java.lang.reflect.Method.invoke(Method.java:566)\r\n\tat org.testng.internal.MethodInvocationHelper.invokeMethod(MethodInvocationHelper.java:134)\r\n\tat org.testng.internal.TestInvoker.invokeMethod(TestInvoker.java:597)\r\n\tat org.testng.internal.TestInvoker.invokeTestMethod(TestInvoker.java:173)\r\n\tat org.testng.internal.MethodRunner.runInSequence(MethodRunner.java:46)\r\n\tat org.testng.internal.TestInvoker$MethodInvocationAgent.invoke(TestInvoker.java:816)\r\n\tat org.testng.internal.TestInvoker.invokeTestMethods(TestInvoker.java:146)\r\n\tat org.testng.internal.TestMethodWorker.invokeTestMethods(TestMethodWorker.java:146)\r\n\tat org.testng.internal.TestMethodWorker.run(TestMethodWorker.java:128)\r\n\tat java.base/java.util.ArrayList.forEach(ArrayList.java:1541)\r\n\tat org.testng.TestRunner.privateRun(TestRunner.java:766)\r\n\tat org.testng.TestRunner.run(TestRunner.java:587)\r\n\tat org.testng.SuiteRunner.runTest(SuiteRunner.java:384)\r\n\tat org.testng.SuiteRunner.runSequentially(SuiteRunner.java:378)\r\n\tat org.testng.SuiteRunner.privateRun(SuiteRunner.java:337)\r\n\tat org.testng.SuiteRunner.run(SuiteRunner.java:286)\r\n\tat org.testng.SuiteRunnerWorker.runSuite(SuiteRunnerWorker.java:53)\r\n\tat org.testng.SuiteRunnerWorker.run(SuiteRunnerWorker.java:96)\r\n\tat org.testng.TestNG.runSuitesSequentially(TestNG.java:1187)\r\n\tat org.testng.TestNG.runSuitesLocally(TestNG.java:1109)\r\n\tat org.testng.TestNG.runSuites(TestNG.java:1039)\r\n\tat org.testng.TestNG.run(TestNG.java:1007)\r\n\tat com.intellij.rt.testng.IDEARemoteTestNG.run(IDEARemoteTestNG.java:66)\r\n\tat com.intellij.rt.testng.RemoteTestNGStarter.main(RemoteTestNGStarter.java:109)\r\nCaused by: org.openqa.selenium.ElementClickInterceptedException: element click intercepted: Element <span class=\"v-btn__content\">...</span> is not clickable at point (1146, 9). Other element would receive the click: <div class=\"v-toolbar__content\" style=\"height: 64px;\">...</div>\n  (Session info: chrome=102.0.5005.115)\nBuild info: version: '3.141.59', revision: 'e82be7d358', time: '2018-11-14T08:17:03'\nSystem info: host: 'US17010293', ip: '10.0.0.157', os.name: 'Windows 10', os.arch: 'amd64', os.version: '10.0', java.version: '11.0.15'\nDriver info: org.openqa.selenium.chrome.ChromeDriver\nCapabilities {acceptInsecureCerts: true, browserName: chrome, browserVersion: 102.0.5005.115, chrome: {chromedriverVersion: 102.0.5005.61 (0e59bcc00cc4..., userDataDir: C:\\Users\\MAXIM~1.SEM\\AppDat...}, goog:chromeOptions: {debuggerAddress: localhost:57622}, javascriptEnabled: true, networkConnectionEnabled: false, pageLoadStrategy: normal, platform: WINDOWS, platformName: WINDOWS, proxy: Proxy(), setWindowRect: true, strictFileInteractability: false, timeouts: {implicit: 0, pageLoad: 300000, script: 30000}, unhandledPromptBehavior: dismiss and notify, webauthn:extension:credBlob: true, webauthn:extension:largeBlob: true, webauthn:virtualAuthenticators: true}\nSession ID: 8959315209cb246df9fbab209ff447d7\r\n\tat java.base/jdk.internal.reflect.NativeConstructorAccessorImpl.newInstance0(Native Method)\r\n\tat java.base/jdk.internal.reflect.NativeConstructorAccessorImpl.newInstance(NativeConstructorAccessorImpl.java:62)\r\n\tat java.base/jdk.internal.reflect.DelegatingConstructorAccessorImpl.newInstance(DelegatingConstructorAccessorImpl.java:45)\r\n\tat java.base/java.lang.reflect.Constructor.newInstance(Constructor.java:490)\r\n\tat org.openqa.selenium.remote.http.W3CHttpResponseCodec.createException(W3CHttpResponseCodec.java:187)\r\n\tat org.openqa.selenium.remote.http.W3CHttpResponseCodec.decode(W3CHttpResponseCodec.java:122)\r\n\tat org.openqa.selenium.remote.http.W3CHttpResponseCodec.decode(W3CHttpResponseCodec.java:49)\r\n\tat org.openqa.selenium.remote.HttpCommandExecutor.execute(HttpCommandExecutor.java:158)\r\n\tat org.openqa.selenium.remote.service.DriverCommandExecutor.execute(DriverCommandExecutor.java:83)\r\n\tat org.openqa.selenium.remote.RemoteWebDriver.execute(RemoteWebDriver.java:552)\r\n\tat org.openqa.selenium.remote.RemoteWebElement.execute(RemoteWebElement.java:285)\r\n\tat org.openqa.selenium.remote.RemoteWebElement.click(RemoteWebElement.java:84)\r\n\tat com.codeborne.selenide.commands.Click.click(Click.java:46)\r\n\tat com.codeborne.selenide.commands.Click.execute(Click.java:27)\r\n\tat com.codeborne.selenide.commands.Click.execute(Click.java:16)\r\n\tat com.codeborne.selenide.commands.Commands.execute(Commands.java:157)\r\n\tat com.codeborne.selenide.impl.SelenideElementProxy.dispatchAndRetry(SelenideElementProxy.java:134)\r\n\t... 31 more\r\n"},"stage":"finished","steps":[{"name":"Opening path 'https://qa-publisher-portal.rmp.rakuten.com/admin/publishers'","status":"passed","stage":"finished","steps":[],"attachments":[],"parameters":[],"start":1656007224641,"stop":1656007224641},{"name":"Logging with user with mail 'os-serhii.shydlovsky@rakuten.com' and password 'Password1'","status":"passed","stage":"finished","steps":[],"attachments":[],"parameters":[],"start":1656007228442,"stop":1656007228442},{"name":"Validating 'Page Load Progressbar' is hidden on UI","status":"passed","stage":"finished","steps":[],"attachments":[],"parameters":[],"start":1656007230234,"stop":1656007230234},{"name":"Clicking on 'Table Options' button","status":"passed","stage":"finished","steps":[],"attachments":[],"parameters":[],"start":1656007230298,"stop":1656007230298},{"name":"Clicking on By.xpath: //button/span[contains(text(),'Table Options')]","status":"passed","stage":"finished","steps":[],"attachments":[],"parameters":[],"start":1656007230298,"stop":1656007230298}],"attachments":[{"name":"Screenshot","source":"441396fe-d7bc-4461-9fd8-5fe201a931e3-attachment.png","type":"image/png"}],"parameters":[],"start":1656007224625,"stop":1656007241520,"uuid":"0f551ec8-fadf-46f3-8fc7-fa9050280909","historyId":"a4b0769badde59eb2a7f7eb9b36a34e7","fullName":"rx.TableDataTests.checkColumns","labels":[{"name":"package","value":"rx.TableDataTests"},{"name":"testClass","value":"rx.TableDataTests"},{"name":"testMethod","value":"checkColumns"},{"name":"parentSuite","value":"Default Suite"},{"name":"suite","value":"RXUI_Automation"},{"name":"subSuite","value":"rx.TableDataTests"},{"name":"host","value":"US17010293"},{"name":"thread","value":"5768@US17010293.main(1)"},{"name":"framework","value":"testng"},{"name":"language","value":"java"}],"links":[]}