{"name":"editPublisherTest","status":"failed","statusDetails":{"known":false,"muted":false,"flaky":false,"message":"Element not found {'Publisher Name' Input}\r\nExpected: exist\r\nPage source: file:/C:/Users/maxim.semin/IdeaProjects/RXUI_Automation/build/reports/tests/rx/PublisherTest/editPublisherTest/1655387038824.0.html\r\nTimeout: 10 s.\r\nCaused by: NoSuchWindowException: no such window: target window already closed","trace":"Element not found {'Publisher Name' Input}\r\nExpected: exist\r\nPage source: file:/C:/Users/maxim.semin/IdeaProjects/RXUI_Automation/build/reports/tests/rx/PublisherTest/editPublisherTest/1655387038824.0.html\r\nTimeout: 10 s.\r\nCaused by: NoSuchWindowException: no such window: target window already closed\r\n\tat com.codeborne.selenide.impl.WebElementSource.createElementNotFoundError(WebElementSource.java:83)\r\n\tat com.codeborne.selenide.impl.ElementFinder.createElementNotFoundError(ElementFinder.java:122)\r\n\tat com.codeborne.selenide.impl.ExceptionWrapper.wrap(ExceptionWrapper.java:32)\r\n\tat com.codeborne.selenide.impl.SelenideElementProxy.dispatchAndRetry(SelenideElementProxy.java:156)\r\n\tat com.codeborne.selenide.impl.SelenideElementProxy.invoke(SelenideElementProxy.java:86)\r\n\tat com.sun.proxy.$Proxy26.sendKeys(Unknown Source)\r\n\tat managers.TestManager$TestManagerBuilder.setValueWithClean(TestManager.java:351)\r\n\tat rx.PublisherTest.editPublisherTest(PublisherTest.java:69)\r\n\tat java.base/jdk.internal.reflect.NativeMethodAccessorImpl.invoke0(Native Method)\r\n\tat java.base/jdk.internal.reflect.NativeMethodAccessorImpl.invoke(NativeMethodAccessorImpl.java:62)\r\n\tat java.base/jdk.internal.reflect.DelegatingMethodAccessorImpl.invoke(DelegatingMethodAccessorImpl.java:43)\r\n\tat java.base/java.lang.reflect.Method.invoke(Method.java:566)\r\n\tat org.testng.internal.MethodInvocationHelper.invokeMethod(MethodInvocationHelper.java:134)\r\n\tat org.testng.internal.TestInvoker.invokeMethod(TestInvoker.java:597)\r\n\tat org.testng.internal.TestInvoker.invokeTestMethod(TestInvoker.java:173)\r\n\tat org.testng.internal.MethodRunner.runInSequence(MethodRunner.java:46)\r\n\tat org.testng.internal.TestInvoker$MethodInvocationAgent.invoke(TestInvoker.java:816)\r\n\tat org.testng.internal.TestInvoker.invokeTestMethods(TestInvoker.java:146)\r\n\tat org.testng.internal.TestMethodWorker.invokeTestMethods(TestMethodWorker.java:146)\r\n\tat org.testng.internal.TestMethodWorker.run(TestMethodWorker.java:128)\r\n\tat java.base/java.util.ArrayList.forEach(ArrayList.java:1541)\r\n\tat org.testng.TestRunner.privateRun(TestRunner.java:766)\r\n\tat org.testng.TestRunner.run(TestRunner.java:587)\r\n\tat org.testng.SuiteRunner.runTest(SuiteRunner.java:384)\r\n\tat org.testng.SuiteRunner.runSequentially(SuiteRunner.java:378)\r\n\tat org.testng.SuiteRunner.privateRun(SuiteRunner.java:337)\r\n\tat org.testng.SuiteRunner.run(SuiteRunner.java:286)\r\n\tat org.testng.SuiteRunnerWorker.runSuite(SuiteRunnerWorker.java:53)\r\n\tat org.testng.SuiteRunnerWorker.run(SuiteRunnerWorker.java:96)\r\n\tat org.testng.TestNG.runSuitesSequentially(TestNG.java:1187)\r\n\tat org.testng.TestNG.runSuitesLocally(TestNG.java:1109)\r\n\tat org.testng.TestNG.runSuites(TestNG.java:1039)\r\n\tat org.testng.TestNG.run(TestNG.java:1007)\r\n\tat com.intellij.rt.testng.IDEARemoteTestNG.run(IDEARemoteTestNG.java:66)\r\n\tat com.intellij.rt.testng.RemoteTestNGStarter.main(RemoteTestNGStarter.java:109)\r\nCaused by: org.openqa.selenium.NoSuchWindowException: no such window: target window already closed\nfrom unknown error: web view not found\n  (Session info: chrome=102.0.5005.115)\nBuild info: version: '3.141.59', revision: 'e82be7d358', time: '2018-11-14T08:17:03'\nSystem info: host: 'US17010293', ip: '10.0.0.157', os.name: 'Windows 10', os.arch: 'amd64', os.version: '10.0', java.version: '11.0.15'\nDriver info: org.openqa.selenium.chrome.ChromeDriver\nCapabilities {acceptInsecureCerts: true, browserName: chrome, browserVersion: 102.0.5005.115, chrome: {chromedriverVersion: 102.0.5005.61 (0e59bcc00cc4..., userDataDir: C:\\Users\\MAXIM~1.SEM\\AppDat...}, goog:chromeOptions: {debuggerAddress: localhost:58595}, javascriptEnabled: true, networkConnectionEnabled: false, pageLoadStrategy: normal, platform: WINDOWS, platformName: WINDOWS, proxy: Proxy(), setWindowRect: true, strictFileInteractability: false, timeouts: {implicit: 0, pageLoad: 300000, script: 30000}, unhandledPromptBehavior: dismiss and notify, webauthn:extension:credBlob: true, webauthn:extension:largeBlob: true, webauthn:virtualAuthenticators: true}\nSession ID: 266f5292489c97f36f251bd15b47a535\n*** Element info: {Using=xpath, value=//label[text()='Publisher Name']/../input}\r\n\tat jdk.internal.reflect.GeneratedConstructorAccessor39.newInstance(Unknown Source)\r\n\tat java.base/jdk.internal.reflect.DelegatingConstructorAccessorImpl.newInstance(DelegatingConstructorAccessorImpl.java:45)\r\n\tat java.base/java.lang.reflect.Constructor.newInstance(Constructor.java:490)\r\n\tat org.openqa.selenium.remote.http.W3CHttpResponseCodec.createException(W3CHttpResponseCodec.java:187)\r\n\tat org.openqa.selenium.remote.http.W3CHttpResponseCodec.decode(W3CHttpResponseCodec.java:122)\r\n\tat org.openqa.selenium.remote.http.W3CHttpResponseCodec.decode(W3CHttpResponseCodec.java:49)\r\n\tat org.openqa.selenium.remote.HttpCommandExecutor.execute(HttpCommandExecutor.java:158)\r\n\tat org.openqa.selenium.remote.service.DriverCommandExecutor.execute(DriverCommandExecutor.java:83)\r\n\tat org.openqa.selenium.remote.RemoteWebDriver.execute(RemoteWebDriver.java:552)\r\n\tat org.openqa.selenium.remote.RemoteWebDriver.findElement(RemoteWebDriver.java:323)\r\n\tat org.openqa.selenium.remote.RemoteWebDriver.findElementByXPath(RemoteWebDriver.java:428)\r\n\tat org.openqa.selenium.By$ByXPath.findElement(By.java:353)\r\n\tat org.openqa.selenium.remote.RemoteWebDriver.findElement(RemoteWebDriver.java:315)\r\n\tat com.codeborne.selenide.impl.WebElementSelector.findElement(WebElementSelector.java:70)\r\n\tat com.codeborne.selenide.impl.WebElementSelector.findElement(WebElementSelector.java:44)\r\n\tat com.codeborne.selenide.impl.WebElementSelector.findElement(WebElementSelector.java:33)\r\n\tat com.codeborne.selenide.impl.ElementFinder.getWebElement(ElementFinder.java:102)\r\n\tat com.codeborne.selenide.impl.SelenideElementProxy.dispatchAndRetry(SelenideElementProxy.java:137)\r\n\t... 31 more\r\n"},"stage":"finished","steps":[{"name":"Opening path 'https://qa-publisher-portal.rmp.rakuten.com/admin/publishers'","status":"passed","stage":"finished","steps":[],"attachments":[],"parameters":[],"start":1655387019549,"stop":1655387019549},{"name":"Logging with user with mail 'os-serhii.shydlovsky@rakuten.com' and password 'Password1'","status":"passed","stage":"finished","steps":[],"attachments":[],"parameters":[],"start":1655387022318,"stop":1655387022318},{"name":"Validating 'Logo' Icon is visible on UI","status":"passed","stage":"finished","steps":[],"attachments":[],"parameters":[],"start":1655387023883,"stop":1655387023883},{"name":"Validating Web element with text 'os-serhii.shydlovsky@rakuten.com' is visible on UI","status":"passed","stage":"finished","steps":[],"attachments":[],"parameters":[],"start":1655387024161,"stop":1655387024161},{"name":"Validating 'Page Load Progressbar' is hidden on UI","status":"passed","stage":"finished","steps":[],"attachments":[],"parameters":[],"start":1655387024311,"stop":1655387024311},{"name":"Validating 'Table ProgressBar' is hidden on UI","status":"passed","stage":"finished","steps":[],"attachments":[],"parameters":[],"start":1655387024371,"stop":1655387024371},{"name":"Clicking on 'Publisher Name' Title","status":"passed","stage":"finished","steps":[],"attachments":[],"parameters":[],"start":1655387025319,"stop":1655387025319},{"name":"Waiting Sidebar is opened and visible","status":"passed","stage":"finished","steps":[],"attachments":[],"parameters":[],"start":1655387025656,"stop":1655387025656},{"name":"Validating Web element with text 'Publisher_339568' is visible on UI","status":"passed","stage":"finished","steps":[],"attachments":[],"parameters":[],"start":1655387026212,"stop":1655387026212},{"name":"Validating Web element with text 'levi.mccullough@gmail.com' is visible on UI","status":"passed","stage":"finished","steps":[],"attachments":[],"parameters":[],"start":1655387026402,"stop":1655387026402},{"name":"Validating Web element with text 'JPY' is visible on UI","status":"passed","stage":"finished","steps":[],"attachments":[],"parameters":[],"start":1655387026553,"stop":1655387026553},{"name":"Validating 'Publisher Currency' Input  has attribute 'disabled' with value 'true'","status":"passed","stage":"finished","steps":[],"attachments":[],"parameters":[],"start":1655387026715,"stop":1655387026715},{"name":"Setting value 'Pub_Edited_289501' in field ''Publisher Name' Input' withXpath 'By.xpath: //label[text()='Publisher Name']/../input'","status":"passed","stage":"finished","steps":[],"attachments":[],"parameters":[],"start":1655387026977,"stop":1655387026977}],"attachments":[],"parameters":[],"start":1655387019549,"stop":1655387038852,"uuid":"69107b8b-b66e-4a56-9074-1197212a8c18","historyId":"5dfeacea14711aa4e9b751ab7c66988f","fullName":"rx.PublisherTest.editPublisherTest","labels":[{"name":"package","value":"rx.PublisherTest"},{"name":"testClass","value":"rx.PublisherTest"},{"name":"testMethod","value":"editPublisherTest"},{"name":"parentSuite","value":"SmokeTest Suite"},{"name":"suite","value":"SmokeTest Suite"},{"name":"subSuite","value":"rx.PublisherTest"},{"name":"host","value":"US17010293"},{"name":"thread","value":"22564@US17010293.main(1)"},{"name":"framework","value":"testng"},{"name":"language","value":"java"}],"links":[]}