{"name":"editProtectionTest","status":"broken","statusDetails":{"known":false,"muted":false,"flaky":false,"message":"invalid selector: Unable to locate an element with the xpath expression //*[contains(text(),'Edit Protections: 'Test_Rule_950532'')] because of the following error:\nSyntaxError: Failed to execute 'evaluate' on 'Document': The string '//*[contains(text(),'Edit Protections: 'Test_Rule_950532'')]' is not a valid XPath expression.\n  (Session info: chrome=100.0.4896.127)\nFor documentation on this error, please visit: https://www.seleniumhq.org/exceptions/invalid_selector_exception.html\nBuild info: version: '3.141.59', revision: 'e82be7d358', time: '2018-11-14T08:17:03'\nSystem info: host: 'US06011645.intra.rakuten.co.jp', ip: 'fe80:0:0:0:1899:168b:b8ca:83bd%en0', os.name: 'Mac OS X', os.arch: 'x86_64', os.version: '10.15.7', java.version: '11.0.13'\nDriver info: org.openqa.selenium.chrome.ChromeDriver\nCapabilities {acceptInsecureCerts: true, browserName: chrome, browserVersion: 100.0.4896.127, chrome: {chromedriverVersion: 100.0.4896.60 (6a5d10861ce8..., userDataDir: /var/folders/19/sqtph3ms31b...}, goog:chromeOptions: {debuggerAddress: localhost:60143}, javascriptEnabled: true, networkConnectionEnabled: false, pageLoadStrategy: normal, platform: MAC, platformName: MAC, proxy: Proxy(), setWindowRect: true, strictFileInteractability: false, timeouts: {implicit: 0, pageLoad: 300000, script: 30000}, unhandledPromptBehavior: dismiss and notify, webauthn:extension:credBlob: true, webauthn:extension:largeBlob: true, webauthn:virtualAuthenticators: true}\nSession ID: 2f3f25f091b81cec09e69099e87e051a\n*** Element info: {Using=xpath, value=//*[contains(text(),'Edit Protections: 'Test_Rule_950532'')]}","trace":"org.openqa.selenium.InvalidSelectorException: invalid selector: Unable to locate an element with the xpath expression //*[contains(text(),'Edit Protections: 'Test_Rule_950532'')] because of the following error:\nSyntaxError: Failed to execute 'evaluate' on 'Document': The string '//*[contains(text(),'Edit Protections: 'Test_Rule_950532'')]' is not a valid XPath expression.\n  (Session info: chrome=100.0.4896.127)\nFor documentation on this error, please visit: https://www.seleniumhq.org/exceptions/invalid_selector_exception.html\nBuild info: version: '3.141.59', revision: 'e82be7d358', time: '2018-11-14T08:17:03'\nSystem info: host: 'US06011645.intra.rakuten.co.jp', ip: 'fe80:0:0:0:1899:168b:b8ca:83bd%en0', os.name: 'Mac OS X', os.arch: 'x86_64', os.version: '10.15.7', java.version: '11.0.13'\nDriver info: org.openqa.selenium.chrome.ChromeDriver\nCapabilities {acceptInsecureCerts: true, browserName: chrome, browserVersion: 100.0.4896.127, chrome: {chromedriverVersion: 100.0.4896.60 (6a5d10861ce8..., userDataDir: /var/folders/19/sqtph3ms31b...}, goog:chromeOptions: {debuggerAddress: localhost:60143}, javascriptEnabled: true, networkConnectionEnabled: false, pageLoadStrategy: normal, platform: MAC, platformName: MAC, proxy: Proxy(), setWindowRect: true, strictFileInteractability: false, timeouts: {implicit: 0, pageLoad: 300000, script: 30000}, unhandledPromptBehavior: dismiss and notify, webauthn:extension:credBlob: true, webauthn:extension:largeBlob: true, webauthn:virtualAuthenticators: true}\nSession ID: 2f3f25f091b81cec09e69099e87e051a\n*** Element info: {Using=xpath, value=//*[contains(text(),'Edit Protections: 'Test_Rule_950532'')]}\n\tat java.base/jdk.internal.reflect.NativeConstructorAccessorImpl.newInstance0(Native Method)\n\tat java.base/jdk.internal.reflect.NativeConstructorAccessorImpl.newInstance(NativeConstructorAccessorImpl.java:62)\n\tat java.base/jdk.internal.reflect.DelegatingConstructorAccessorImpl.newInstance(DelegatingConstructorAccessorImpl.java:45)\n\tat java.base/java.lang.reflect.Constructor.newInstance(Constructor.java:490)\n\tat org.openqa.selenium.remote.http.W3CHttpResponseCodec.createException(W3CHttpResponseCodec.java:187)\n\tat org.openqa.selenium.remote.http.W3CHttpResponseCodec.decode(W3CHttpResponseCodec.java:122)\n\tat org.openqa.selenium.remote.http.W3CHttpResponseCodec.decode(W3CHttpResponseCodec.java:49)\n\tat org.openqa.selenium.remote.HttpCommandExecutor.execute(HttpCommandExecutor.java:158)\n\tat org.openqa.selenium.remote.service.DriverCommandExecutor.execute(DriverCommandExecutor.java:83)\n\tat org.openqa.selenium.remote.RemoteWebDriver.execute(RemoteWebDriver.java:552)\n\tat org.openqa.selenium.remote.RemoteWebDriver.findElement(RemoteWebDriver.java:323)\n\tat org.openqa.selenium.remote.RemoteWebDriver.findElementByXPath(RemoteWebDriver.java:428)\n\tat org.openqa.selenium.By$ByXPath.findElement(By.java:353)\n\tat org.openqa.selenium.remote.RemoteWebDriver.findElement(RemoteWebDriver.java:315)\n\tat com.codeborne.selenide.impl.WebElementSelector.findElement(WebElementSelector.java:70)\n\tat com.codeborne.selenide.impl.WebElementSelector.findElement(WebElementSelector.java:44)\n\tat com.codeborne.selenide.impl.WebElementSelector.findElement(WebElementSelector.java:33)\n\tat com.codeborne.selenide.impl.ElementFinder.getWebElement(ElementFinder.java:102)\n\tat com.codeborne.selenide.impl.WebElementSource.checkCondition(WebElementSource.java:99)\n\tat com.codeborne.selenide.commands.Should.execute(Should.java:30)\n\tat com.codeborne.selenide.commands.Should.execute(Should.java:14)\n\tat com.codeborne.selenide.commands.Commands.execute(Commands.java:157)\n\tat com.codeborne.selenide.impl.SelenideElementProxy.dispatchAndRetry(SelenideElementProxy.java:134)\n\tat com.codeborne.selenide.impl.SelenideElementProxy.invoke(SelenideElementProxy.java:86)\n\tat com.sun.proxy.$Proxy37.shouldBe(Unknown Source)\n\tat helpers.Precondition$PreconditionBuilder.lambda$validate$3(Precondition.java:184)\n\tat java.base/java.util.Spliterators$ArraySpliterator.forEachRemaining(Spliterators.java:948)\n\tat java.base/java.util.stream.ReferencePipeline$Head.forEach(ReferencePipeline.java:658)\n\tat helpers.Precondition$PreconditionBuilder.validate(Precondition.java:183)\n\tat rx.ProtectionsTest.editProtectionTest(ProtectionsTest.java:54)\n\tat java.base/jdk.internal.reflect.NativeMethodAccessorImpl.invoke0(Native Method)\n\tat java.base/jdk.internal.reflect.NativeMethodAccessorImpl.invoke(NativeMethodAccessorImpl.java:62)\n\tat java.base/jdk.internal.reflect.DelegatingMethodAccessorImpl.invoke(DelegatingMethodAccessorImpl.java:43)\n\tat java.base/java.lang.reflect.Method.invoke(Method.java:566)\n\tat org.testng.internal.MethodInvocationHelper.invokeMethod(MethodInvocationHelper.java:134)\n\tat org.testng.internal.TestInvoker.invokeMethod(TestInvoker.java:597)\n\tat org.testng.internal.TestInvoker.invokeTestMethod(TestInvoker.java:173)\n\tat org.testng.internal.MethodRunner.runInSequence(MethodRunner.java:46)\n\tat org.testng.internal.TestInvoker$MethodInvocationAgent.invoke(TestInvoker.java:816)\n\tat org.testng.internal.TestInvoker.invokeTestMethods(TestInvoker.java:146)\n\tat org.testng.internal.TestMethodWorker.invokeTestMethods(TestMethodWorker.java:146)\n\tat org.testng.internal.TestMethodWorker.run(TestMethodWorker.java:128)\n\tat java.base/java.util.ArrayList.forEach(ArrayList.java:1541)\n\tat org.testng.TestRunner.privateRun(TestRunner.java:766)\n\tat org.testng.TestRunner.run(TestRunner.java:587)\n\tat org.testng.SuiteRunner.runTest(SuiteRunner.java:384)\n\tat org.testng.SuiteRunner.runSequentially(SuiteRunner.java:378)\n\tat org.testng.SuiteRunner.privateRun(SuiteRunner.java:337)\n\tat org.testng.SuiteRunner.run(SuiteRunner.java:286)\n\tat org.testng.SuiteRunnerWorker.runSuite(SuiteRunnerWorker.java:53)\n\tat org.testng.SuiteRunnerWorker.run(SuiteRunnerWorker.java:96)\n\tat org.testng.TestNG.runSuitesSequentially(TestNG.java:1187)\n\tat org.testng.TestNG.runSuitesLocally(TestNG.java:1109)\n\tat org.testng.TestNG.runSuites(TestNG.java:1039)\n\tat org.testng.TestNG.run(TestNG.java:1007)\n\tat com.intellij.rt.testng.IDEARemoteTestNG.run(IDEARemoteTestNG.java:66)\n\tat com.intellij.rt.testng.RemoteTestNGStarter.main(RemoteTestNGStarter.java:109)\n"},"stage":"finished","steps":[{"name":"Response Code: 200 ","status":"passed","stage":"finished","steps":[],"attachments":[],"parameters":[],"start":1651084150695,"stop":1651084150695},{"name":"\nResponse Body: '{\n    \"account\": {\n        \"id\": 89,\n        \"mail\": \"os-serhii.shydlovsky@rakuten.com\",\n        \"name\": \"os-serhii.shydlovsky@rakuten.com\",\n        \"role\": 4,\n        \"publisherId\": null,\n        \"publisherName\": \"\",\n        \"loginId\": \"mGsyafyZ.2022-04-18.12-38-45\",\n        \"isEnabled\": true,\n        \"updatedAt\": \"2022-04-18T12:38:45Z\",\n        \"createdAt\": \"2022-04-18T12:38:45Z\"\n    },\n    \"payload\": {\n        \"id\": 89,\n        \"mail\": \"os-serhii.shydlovsky@rakuten.com\",\n        \"name\": \"os-serhii.shydlovsky@rakuten.com\",\n        \"role\": 4,\n        \"publisherId\": null,\n        \"publisherName\": \"\",\n        \"loginId\": \"mGsyafyZ.2022-04-18.12-38-45\",\n        \"isEnabled\": true,\n        \"updatedAt\": \"2022-04-18T12:38:45Z\",\n        \"createdAt\": \"2022-04-18T12:38:45Z\",\n        \"exp\": 1651170550\n    },\n    \"token\": \"eyJhbGciOiJIUzI1NiIsInR5cCI6IkpXVCJ9.eyJpZCI6ODksIm1haWwiOiJvcy1zZXJoaWkuc2h5ZGxvdnNreUByYWt1dGVuLmNvbSIsIm5hbWUiOiJvcy1zZXJoaWkuc2h5ZGxvdnNreUByYWt1dGVuLmNvbSIsInJvbGUiOjQsInB1Ymxpc2hlcklkIjpudWxsLCJwdWJsaXNoZXJOYW1lIjoiIiwibG9naW5JZCI6Im1Hc3lhZnlaLjIwMjItMDQtMTguMTItMzgtNDUiLCJpc0VuYWJsZWQiOnRydWUsInVwZGF0ZWRBdCI6IjIwMjItMDQtMThUMTI6Mzg6NDVaIiwiY3JlYXRlZEF0IjoiMjAyMi0wNC0xOFQxMjozODo0NVoiLCJleHAiOjE2NTExNzA1NTB9.s_4myzHMPiRBR_jVrpmXXB_Wd42BI8KiQ55lokW1NEY\"\n}'","status":"passed","stage":"finished","steps":[],"attachments":[],"parameters":[],"start":1651084150697,"stop":1651084150697},{"name":"POST https://qa-s-api.rmp.rakuten.com/v3/protections/targeting \nRequest body {\"name\":\"Test_Rule_950532\",\"publisherId\":4,\"active\":true,\"typeId\":2,\"rule\":{\"adspot\":{\"includedAdspots\":[58],\"excludedAdspots\":[]},\"adFormat\":{\"adFormats\":[2,3],\"exclude\":false},\"adSize\":{\"adSizes\":[10],\"exclude\":false},\"media\":{\"media\":[14],\"exclude\":false},\"deviceType\":{\"deviceTypes\":[4],\"exclude\":false},\"ifa\":{\"ifas\":[],\"exclude\":false},\"geo\":{\"geos\":[221],\"exclude\":false},\"deviceOS\":{\"deviceOSs\":[4],\"exclude\":false},\"dsp\":{\"dsps\":null,\"exclude\":false},\"dspSeat\":{\"dspSeats\":null,\"exclude\":false},\"advertiser\":{\"category\":{\"exclude\":false,\"categories\":[2,4,6,8],\"blockUnknownCategories\":false},\"advertisers\":[\"tester-tester\",\"  Slotomania™ Vegas Casino Slots\",\" Activated Charcoal Whitening Toothpaste. | Search Ads\",\" Auto ibride | Ricerca annunci\",\" Cosphera Nahrungsergänzungsmittel \",\"- 72 ANS: Test d'éligibilité gratuit en 1 clic\"]}}}","status":"passed","stage":"finished","steps":[],"attachments":[],"parameters":[],"start":1651084150782,"stop":1651084150782},{"name":"Response Code: 201 ","status":"passed","stage":"finished","steps":[],"attachments":[],"parameters":[],"start":1651084151507,"stop":1651084151507},{"name":"\nResponse Body: '{\n    \"id\": 749,\n    \"name\": \"Test_Rule_950532\",\n    \"active\": true,\n    \"publisherId\": 4,\n    \"publisherName\": \"Viber\",\n    \"rule\": {\n        \"adspot\": {\n            \"includedAdspots\": [\n                58\n            ],\n            \"excludedAdspots\": null\n        },\n        \"adFormat\": {\n            \"adFormats\": [\n                2,\n                3\n            ],\n            \"exclude\": false\n        },\n        \"adSize\": {\n            \"adSizes\": [\n                10\n            ],\n            \"exclude\": false\n        },\n        \"media\": {\n            \"media\": [\n                14\n            ],\n            \"exclude\": false\n        },\n        \"deviceOS\": {\n            \"deviceOSs\": [\n                4\n            ],\n            \"exclude\": false\n        },\n        \"deviceType\": {\n            \"deviceTypes\": [\n                4\n            ],\n            \"exclude\": false\n        },\n        \"geo\": {\n            \"geos\": [\n                221\n            ],\n            \"exclude\": false\n        },\n        \"advertiser\": {\n            \"advertisers\": [\n                \"  Slotomania™ Vegas Casino Slots\",\n                \" Activated Charcoal Whitening Toothpaste. | Search Ads\",\n                \" Auto ibride | Ricerca annunci\",\n                \" Cosphera Nahrungsergänzungsmittel \",\n                \"- 72 ANS: Test d'éligibilité gratuit en 1 clic\",\n                \"tester-tester\"\n            ],\n            \"block\": false,\n            \"allowUnknownAdvertisers\": false,\n            \"allowNonDomains\": false,\n            \"allowSubdomains\": false\n        }\n    },\n    \"typeId\": 2,\n    \"adminOnly\": false,\n    \"createdBy\": \"os-serhii.shydlovsky@rakuten.com\",\n    \"updatedBy\": \"os-serhii.shydlovsky@rakuten.com\",\n    \"updatedAt\": \"2022-04-27T18:29:11Z\",\n    \"createdAt\": \"2022-04-27T18:29:11Z\"\n}'","status":"passed","stage":"finished","steps":[],"attachments":[],"parameters":[],"start":1651084151515,"stop":1651084151515},{"name":"$(\"open\") https://qa-publisher-portal.rmp.rakuten.com","status":"passed","stage":"finished","steps":[],"attachments":[],"parameters":[],"start":1651084151610,"stop":1651084157569},{"name":"$(\"Get login field\") should([exist, visible])","status":"passed","stage":"finished","steps":[],"attachments":[],"parameters":[],"start":1651084157711,"stop":1651084157911},{"name":"$(\"Get login field\") set value(os-serhii.shydlovsky@rakuten.com)","status":"passed","stage":"finished","steps":[],"attachments":[],"parameters":[],"start":1651084157911,"stop":1651084158212},{"name":"$(\"By.xpath: //*[@id='input-28']\") should([exist, visible])","status":"passed","stage":"finished","steps":[],"attachments":[],"parameters":[],"start":1651084158212,"stop":1651084158276},{"name":"$(\"By.xpath: //*[@id='input-28']\") set value(Password1)","status":"passed","stage":"finished","steps":[],"attachments":[],"parameters":[],"start":1651084158276,"stop":1651084158505},{"name":"$(\"By.xpath: //*[@id='input-28']\") submit()","status":"passed","stage":"finished","steps":[],"attachments":[],"parameters":[],"start":1651084158505,"stop":1651084158537},{"name":"$(\"By.xpath: //*[@id='input-28']\") should(hidden)","status":"passed","stage":"finished","steps":[],"attachments":[],"parameters":[],"start":1651084158537,"stop":1651084161652},{"name":"$(\"By.xpath: //div[@class='logo']/../..\") is(visible)","status":"passed","stage":"finished","steps":[],"attachments":[],"parameters":[],"start":1651084161653,"stop":1651084161678},{"name":"$(\"By.xpath: //*[contains(text(),'os-serhii.shydlovsky@rakuten.com')]\") should([exist, visible])","status":"passed","stage":"finished","steps":[],"attachments":[],"parameters":[],"start":1651084161763,"stop":1651084161804},{"name":"$(\"By.xpath: //*[contains(text(),'os-serhii.shydlovsky@rakuten.com')]\") is displayed()","status":"passed","stage":"finished","steps":[],"attachments":[],"parameters":[],"start":1651084161804,"stop":1651084161820},{"name":"$(\"By.xpath: //div[@class='nuxt-progress']\") should be(hidden)","status":"passed","stage":"finished","steps":[],"attachments":[],"parameters":[],"start":1651084161820,"stop":1651084161831},{"name":"$(\"By.xpath: //div[@class='nuxt-progress']\") is(hidden)","status":"passed","stage":"finished","steps":[],"attachments":[],"parameters":[],"start":1651084161831,"stop":1651084161838},{"name":"$(\"By.xpath: //*[contains(text(),'Protections')]\") should be([exist, visible])","status":"passed","stage":"finished","steps":[],"attachments":[],"parameters":[],"start":1651084161846,"stop":1651084161885},{"name":"$(\"By.xpath: //*[contains(text(),'Protections')]\") scroll to()","status":"passed","stage":"finished","steps":[],"attachments":[],"parameters":[],"start":1651084161885,"stop":1651084161904},{"name":"$(\"By.xpath: //*[contains(text(),'Protections')]\") hover()","status":"passed","stage":"finished","steps":[],"attachments":[],"parameters":[],"start":1651084161904,"stop":1651084162043},{"name":"$(\"By.xpath: //*[contains(text(),'Protections')]\") click()","status":"passed","stage":"finished","steps":[],"attachments":[],"parameters":[],"start":1651084162043,"stop":1651084162098},{"name":"$(\"By.xpath: //div[@role='progressbar']\") should be(hidden)","status":"passed","stage":"finished","steps":[],"attachments":[],"parameters":[],"start":1651084162098,"stop":1651084162109},{"name":"$(\"By.xpath: //div[@role='progressbar']\") is(hidden)","status":"passed","stage":"finished","steps":[],"attachments":[],"parameters":[],"start":1651084162109,"stop":1651084162116},{"name":"$(\"By.xpath: //*[contains(text(),'Rows per page:')]\") should be([exist, visible])","status":"passed","stage":"finished","steps":[],"attachments":[],"parameters":[],"start":1651084162124,"stop":1651084163295},{"name":"$(\"By.xpath: //*[contains(text(),'Rows per page:')]\") scroll to()","status":"passed","stage":"finished","steps":[],"attachments":[],"parameters":[],"start":1651084163295,"stop":1651084163314},{"name":"$(\"By.xpath: //*[contains(text(),'Rows per page:')]\") hover()","status":"passed","stage":"finished","steps":[],"attachments":[],"parameters":[],"start":1651084163314,"stop":1651084163446},{"name":"$(\"By.xpath: //*[contains(text(),'Rows per page:')]\") click()","status":"passed","stage":"finished","steps":[],"attachments":[],"parameters":[],"start":1651084163446,"stop":1651084163492},{"name":"$(\"By.xpath: //div[text()='20']\") get attribute(class)","status":"passed","stage":"finished","steps":[],"attachments":[],"parameters":[],"start":1651084163492,"stop":1651084163509},{"name":"$(\"By.xpath: //div[text()='20']\") should be([exist, visible])","status":"passed","stage":"finished","steps":[],"attachments":[],"parameters":[],"start":1651084163509,"stop":1651084163543},{"name":"$(\"By.xpath: //div[text()='20']\") hover()","status":"passed","stage":"finished","steps":[],"attachments":[],"parameters":[],"start":1651084163543,"stop":1651084163812},{"name":"$(\"By.xpath: //div[text()='20']\") click()","status":"passed","stage":"finished","steps":[],"attachments":[],"parameters":[],"start":1651084163812,"stop":1651084163882},{"name":"$(\"By.xpath: //div[text()='10']\") get attribute(class)","status":"passed","stage":"finished","steps":[],"attachments":[],"parameters":[],"start":1651084163882,"stop":1651084163902},{"name":"$(\"By.xpath: //div[text()='10']\") should be([exist, visible])","status":"passed","stage":"finished","steps":[],"attachments":[],"parameters":[],"start":1651084163903,"stop":1651084164278},{"name":"$(\"By.xpath: //div[text()='10']\") hover()","status":"passed","stage":"finished","steps":[],"attachments":[],"parameters":[],"start":1651084164278,"stop":1651084164410},{"name":"$(\"By.xpath: //div[text()='10']\") click()","status":"passed","stage":"finished","steps":[],"attachments":[],"parameters":[],"start":1651084164410,"stop":1651084164564},{"name":"$(\"By.xpath: //*[contains(text(),'Test_Rule_950532')]\") should be([exist, visible])","status":"passed","stage":"finished","steps":[],"attachments":[],"parameters":[],"start":1651084164564,"stop":1651084164611},{"name":"$(\"By.xpath: //*[contains(text(),'Test_Rule_950532')]\") scroll to()","status":"passed","stage":"finished","steps":[],"attachments":[],"parameters":[],"start":1651084164611,"stop":1651084164629},{"name":"$(\"By.xpath: //*[contains(text(),'Test_Rule_950532')]\") hover()","status":"passed","stage":"finished","steps":[],"attachments":[],"parameters":[],"start":1651084164629,"stop":1651084164761},{"name":"$(\"By.xpath: //*[contains(text(),'Test_Rule_950532')]\") click()","status":"passed","stage":"finished","steps":[],"attachments":[],"parameters":[],"start":1651084164761,"stop":1651084166117},{"name":"$(\"By.xpath: //*[contains(text(),'Edit Protections: 'Test_Rule_950532'')]\") should be(visible)","status":"broken","statusDetails":{"known":false,"muted":false,"flaky":false,"message":"invalid selector: Unable to locate an element with the xpath expression //*[contains(text(),'Edit Protections: 'Test_Rule_950532'')] because of the following error:\nSyntaxError: Failed to execute 'evaluate' on 'Document': The string '//*[contains(text(),'Edit Protections: 'Test_Rule_950532'')]' is not a valid XPath expression.\n  (Session info: chrome=100.0.4896.127)\nFor documentation on this error, please visit: https://www.seleniumhq.org/exceptions/invalid_selector_exception.html\nBuild info: version: '3.141.59', revision: 'e82be7d358', time: '2018-11-14T08:17:03'\nSystem info: host: 'US06011645.intra.rakuten.co.jp', ip: 'fe80:0:0:0:1899:168b:b8ca:83bd%en0', os.name: 'Mac OS X', os.arch: 'x86_64', os.version: '10.15.7', java.version: '11.0.13'\nDriver info: org.openqa.selenium.chrome.ChromeDriver\nCapabilities {acceptInsecureCerts: true, browserName: chrome, browserVersion: 100.0.4896.127, chrome: {chromedriverVersion: 100.0.4896.60 (6a5d10861ce8..., userDataDir: /var/folders/19/sqtph3ms31b...}, goog:chromeOptions: {debuggerAddress: localhost:60143}, javascriptEnabled: true, networkConnectionEnabled: false, pageLoadStrategy: normal, platform: MAC, platformName: MAC, proxy: Proxy(), setWindowRect: true, strictFileInteractability: false, timeouts: {implicit: 0, pageLoad: 300000, script: 30000}, unhandledPromptBehavior: dismiss and notify, webauthn:extension:credBlob: true, webauthn:extension:largeBlob: true, webauthn:virtualAuthenticators: true}\nSession ID: 2f3f25f091b81cec09e69099e87e051a\n*** Element info: {Using=xpath, value=//*[contains(text(),'Edit Protections: 'Test_Rule_950532'')]}","trace":"org.openqa.selenium.InvalidSelectorException: invalid selector: Unable to locate an element with the xpath expression //*[contains(text(),'Edit Protections: 'Test_Rule_950532'')] because of the following error:\nSyntaxError: Failed to execute 'evaluate' on 'Document': The string '//*[contains(text(),'Edit Protections: 'Test_Rule_950532'')]' is not a valid XPath expression.\n  (Session info: chrome=100.0.4896.127)\nFor documentation on this error, please visit: https://www.seleniumhq.org/exceptions/invalid_selector_exception.html\nBuild info: version: '3.141.59', revision: 'e82be7d358', time: '2018-11-14T08:17:03'\nSystem info: host: 'US06011645.intra.rakuten.co.jp', ip: 'fe80:0:0:0:1899:168b:b8ca:83bd%en0', os.name: 'Mac OS X', os.arch: 'x86_64', os.version: '10.15.7', java.version: '11.0.13'\nDriver info: org.openqa.selenium.chrome.ChromeDriver\nCapabilities {acceptInsecureCerts: true, browserName: chrome, browserVersion: 100.0.4896.127, chrome: {chromedriverVersion: 100.0.4896.60 (6a5d10861ce8..., userDataDir: /var/folders/19/sqtph3ms31b...}, goog:chromeOptions: {debuggerAddress: localhost:60143}, javascriptEnabled: true, networkConnectionEnabled: false, pageLoadStrategy: normal, platform: MAC, platformName: MAC, proxy: Proxy(), setWindowRect: true, strictFileInteractability: false, timeouts: {implicit: 0, pageLoad: 300000, script: 30000}, unhandledPromptBehavior: dismiss and notify, webauthn:extension:credBlob: true, webauthn:extension:largeBlob: true, webauthn:virtualAuthenticators: true}\nSession ID: 2f3f25f091b81cec09e69099e87e051a\n*** Element info: {Using=xpath, value=//*[contains(text(),'Edit Protections: 'Test_Rule_950532'')]}\n\tat java.base/jdk.internal.reflect.NativeConstructorAccessorImpl.newInstance0(Native Method)\n\tat java.base/jdk.internal.reflect.NativeConstructorAccessorImpl.newInstance(NativeConstructorAccessorImpl.java:62)\n\tat java.base/jdk.internal.reflect.DelegatingConstructorAccessorImpl.newInstance(DelegatingConstructorAccessorImpl.java:45)\n\tat java.base/java.lang.reflect.Constructor.newInstance(Constructor.java:490)\n\tat org.openqa.selenium.remote.http.W3CHttpResponseCodec.createException(W3CHttpResponseCodec.java:187)\n\tat org.openqa.selenium.remote.http.W3CHttpResponseCodec.decode(W3CHttpResponseCodec.java:122)\n\tat org.openqa.selenium.remote.http.W3CHttpResponseCodec.decode(W3CHttpResponseCodec.java:49)\n\tat org.openqa.selenium.remote.HttpCommandExecutor.execute(HttpCommandExecutor.java:158)\n\tat org.openqa.selenium.remote.service.DriverCommandExecutor.execute(DriverCommandExecutor.java:83)\n\tat org.openqa.selenium.remote.RemoteWebDriver.execute(RemoteWebDriver.java:552)\n\tat org.openqa.selenium.remote.RemoteWebDriver.findElement(RemoteWebDriver.java:323)\n\tat org.openqa.selenium.remote.RemoteWebDriver.findElementByXPath(RemoteWebDriver.java:428)\n\tat org.openqa.selenium.By$ByXPath.findElement(By.java:353)\n\tat org.openqa.selenium.remote.RemoteWebDriver.findElement(RemoteWebDriver.java:315)\n\tat com.codeborne.selenide.impl.WebElementSelector.findElement(WebElementSelector.java:70)\n\tat com.codeborne.selenide.impl.WebElementSelector.findElement(WebElementSelector.java:44)\n\tat com.codeborne.selenide.impl.WebElementSelector.findElement(WebElementSelector.java:33)\n\tat com.codeborne.selenide.impl.ElementFinder.getWebElement(ElementFinder.java:102)\n\tat com.codeborne.selenide.impl.WebElementSource.checkCondition(WebElementSource.java:99)\n\tat com.codeborne.selenide.commands.Should.execute(Should.java:30)\n\tat com.codeborne.selenide.commands.Should.execute(Should.java:14)\n\tat com.codeborne.selenide.commands.Commands.execute(Commands.java:157)\n\tat com.codeborne.selenide.impl.SelenideElementProxy.dispatchAndRetry(SelenideElementProxy.java:134)\n\tat com.codeborne.selenide.impl.SelenideElementProxy.invoke(SelenideElementProxy.java:86)\n\tat com.sun.proxy.$Proxy37.shouldBe(Unknown Source)\n\tat helpers.Precondition$PreconditionBuilder.lambda$validate$3(Precondition.java:184)\n\tat java.base/java.util.Spliterators$ArraySpliterator.forEachRemaining(Spliterators.java:948)\n\tat java.base/java.util.stream.ReferencePipeline$Head.forEach(ReferencePipeline.java:658)\n\tat helpers.Precondition$PreconditionBuilder.validate(Precondition.java:183)\n\tat rx.ProtectionsTest.editProtectionTest(ProtectionsTest.java:54)\n\tat java.base/jdk.internal.reflect.NativeMethodAccessorImpl.invoke0(Native Method)\n\tat java.base/jdk.internal.reflect.NativeMethodAccessorImpl.invoke(NativeMethodAccessorImpl.java:62)\n\tat java.base/jdk.internal.reflect.DelegatingMethodAccessorImpl.invoke(DelegatingMethodAccessorImpl.java:43)\n\tat java.base/java.lang.reflect.Method.invoke(Method.java:566)\n\tat org.testng.internal.MethodInvocationHelper.invokeMethod(MethodInvocationHelper.java:134)\n\tat org.testng.internal.TestInvoker.invokeMethod(TestInvoker.java:597)\n\tat org.testng.internal.TestInvoker.invokeTestMethod(TestInvoker.java:173)\n\tat org.testng.internal.MethodRunner.runInSequence(MethodRunner.java:46)\n\tat org.testng.internal.TestInvoker$MethodInvocationAgent.invoke(TestInvoker.java:816)\n\tat org.testng.internal.TestInvoker.invokeTestMethods(TestInvoker.java:146)\n\tat org.testng.internal.TestMethodWorker.invokeTestMethods(TestMethodWorker.java:146)\n\tat org.testng.internal.TestMethodWorker.run(TestMethodWorker.java:128)\n\tat java.base/java.util.ArrayList.forEach(ArrayList.java:1541)\n\tat org.testng.TestRunner.privateRun(TestRunner.java:766)\n\tat org.testng.TestRunner.run(TestRunner.java:587)\n\tat org.testng.SuiteRunner.runTest(SuiteRunner.java:384)\n\tat org.testng.SuiteRunner.runSequentially(SuiteRunner.java:378)\n\tat org.testng.SuiteRunner.privateRun(SuiteRunner.java:337)\n\tat org.testng.SuiteRunner.run(SuiteRunner.java:286)\n\tat org.testng.SuiteRunnerWorker.runSuite(SuiteRunnerWorker.java:53)\n\tat org.testng.SuiteRunnerWorker.run(SuiteRunnerWorker.java:96)\n\tat org.testng.TestNG.runSuitesSequentially(TestNG.java:1187)\n\tat org.testng.TestNG.runSuitesLocally(TestNG.java:1109)\n\tat org.testng.TestNG.runSuites(TestNG.java:1039)\n\tat org.testng.TestNG.run(TestNG.java:1007)\n\tat com.intellij.rt.testng.IDEARemoteTestNG.run(IDEARemoteTestNG.java:66)\n\tat com.intellij.rt.testng.RemoteTestNGStarter.main(RemoteTestNGStarter.java:109)\n"},"stage":"finished","steps":[],"attachments":[{"name":"Screenshot","source":"41e0da54-6403-4687-9bfa-51bafbc09bed-attachment.png","type":"image/png"}],"parameters":[],"start":1651084166118,"stop":1651084166580}],"attachments":[],"parameters":[],"start":1651084147663,"stop":1651084167238,"uuid":"6c44e71e-e14a-4304-8366-369d6b7753dd","historyId":"4f4c77f3c207836c1a1d9233e9be6a38","fullName":"rx.ProtectionsTest.editProtectionTest","labels":[{"name":"package","value":"rx.ProtectionsTest"},{"name":"testClass","value":"rx.ProtectionsTest"},{"name":"testMethod","value":"editProtectionTest"},{"name":"parentSuite","value":"Default Suite"},{"name":"suite","value":"RXUI_Automation"},{"name":"subSuite","value":"rx.ProtectionsTest"},{"name":"host","value":"US06011645.intra.rakuten.co.jp"},{"name":"thread","value":"20067@US06011645.intra.rakuten.co.jp.main(1)"},{"name":"framework","value":"testng"},{"name":"language","value":"java"}],"links":[]}