{"name":"createDealTest","status":"failed","statusDetails":{"known":false,"muted":false,"flaky":false,"message":"Element not found {Autocomplete Item}\nExpected: exist\nScreenshot: file:/Users/hidlovskys/Documents/repos/java/RXUI_Automation/build/reports/tests/rx/DealsTest/createDealTest/1654357708368.0.png\nPage source: file:/Users/hidlovskys/Documents/repos/java/RXUI_Automation/build/reports/tests/rx/DealsTest/createDealTest/1654357708368.0.html\nTimeout: 5 s.\nCaused by: NoSuchElementException: no such element: Unable to locate element: {\"method\":\"xpath\",\"selector\":\"//descendant::div[@class='buyers-cards']/div[2]//div[contains(@class,'content__active')]//span[@class='elipsisText']\"}","trace":"Element not found {Autocomplete Item}\nExpected: exist\nScreenshot: file:/Users/hidlovskys/Documents/repos/java/RXUI_Automation/build/reports/tests/rx/DealsTest/createDealTest/1654357708368.0.png\nPage source: file:/Users/hidlovskys/Documents/repos/java/RXUI_Automation/build/reports/tests/rx/DealsTest/createDealTest/1654357708368.0.html\nTimeout: 5 s.\nCaused by: NoSuchElementException: no such element: Unable to locate element: {\"method\":\"xpath\",\"selector\":\"//descendant::div[@class='buyers-cards']/div[2]//div[contains(@class,'content__active')]//span[@class='elipsisText']\"}\n\tat com.codeborne.selenide.impl.WebElementSource.createElementNotFoundError(WebElementSource.java:83)\n\tat com.codeborne.selenide.impl.ElementFinder.createElementNotFoundError(ElementFinder.java:122)\n\tat com.codeborne.selenide.impl.WebElementSource.checkCondition(WebElementSource.java:114)\n\tat com.codeborne.selenide.commands.Should.execute(Should.java:30)\n\tat com.codeborne.selenide.commands.Should.execute(Should.java:14)\n\tat com.codeborne.selenide.commands.Commands.execute(Commands.java:157)\n\tat com.codeborne.selenide.impl.SelenideElementProxy.dispatchAndRetry(SelenideElementProxy.java:134)\n\tat com.codeborne.selenide.impl.SelenideElementProxy.invoke(SelenideElementProxy.java:86)\n\tat com.sun.proxy.$Proxy26.shouldBe(Unknown Source)\n\tat managers.TestManager$TestManagerBuilder.clickOnWebElement(TestManager.java:122)\n\tat rx.DealsTest.createDealTest(DealsTest.java:59)\n\tat java.base/jdk.internal.reflect.NativeMethodAccessorImpl.invoke0(Native Method)\n\tat java.base/jdk.internal.reflect.NativeMethodAccessorImpl.invoke(NativeMethodAccessorImpl.java:62)\n\tat java.base/jdk.internal.reflect.DelegatingMethodAccessorImpl.invoke(DelegatingMethodAccessorImpl.java:43)\n\tat java.base/java.lang.reflect.Method.invoke(Method.java:566)\n\tat org.testng.internal.MethodInvocationHelper.invokeMethod(MethodInvocationHelper.java:134)\n\tat org.testng.internal.TestInvoker.invokeMethod(TestInvoker.java:597)\n\tat org.testng.internal.TestInvoker.invokeTestMethod(TestInvoker.java:173)\n\tat org.testng.internal.MethodRunner.runInSequence(MethodRunner.java:46)\n\tat org.testng.internal.TestInvoker$MethodInvocationAgent.invoke(TestInvoker.java:816)\n\tat org.testng.internal.TestInvoker.invokeTestMethods(TestInvoker.java:146)\n\tat org.testng.internal.TestMethodWorker.invokeTestMethods(TestMethodWorker.java:146)\n\tat org.testng.internal.TestMethodWorker.run(TestMethodWorker.java:128)\n\tat java.base/java.util.ArrayList.forEach(ArrayList.java:1541)\n\tat org.testng.TestRunner.privateRun(TestRunner.java:766)\n\tat org.testng.TestRunner.run(TestRunner.java:587)\n\tat org.testng.SuiteRunner.runTest(SuiteRunner.java:384)\n\tat org.testng.SuiteRunner.runSequentially(SuiteRunner.java:378)\n\tat org.testng.SuiteRunner.privateRun(SuiteRunner.java:337)\n\tat org.testng.SuiteRunner.run(SuiteRunner.java:286)\n\tat org.testng.SuiteRunnerWorker.runSuite(SuiteRunnerWorker.java:53)\n\tat org.testng.SuiteRunnerWorker.run(SuiteRunnerWorker.java:96)\n\tat org.testng.TestNG.runSuitesSequentially(TestNG.java:1187)\n\tat org.testng.TestNG.runSuitesLocally(TestNG.java:1109)\n\tat org.testng.TestNG.runSuites(TestNG.java:1039)\n\tat org.testng.TestNG.run(TestNG.java:1007)\n\tat com.intellij.rt.testng.IDEARemoteTestNG.run(IDEARemoteTestNG.java:66)\n\tat com.intellij.rt.testng.RemoteTestNGStarter.main(RemoteTestNGStarter.java:109)\nCaused by: org.openqa.selenium.NoSuchElementException: no such element: Unable to locate element: {\"method\":\"xpath\",\"selector\":\"//descendant::div[@class='buyers-cards']/div[2]//div[contains(@class,'content__active')]//span[@class='elipsisText']\"}\n  (Session info: chrome=102.0.5005.61)\nFor documentation on this error, please visit: https://www.seleniumhq.org/exceptions/no_such_element.html\nBuild info: version: '3.141.59', revision: 'e82be7d358', time: '2018-11-14T08:17:03'\nSystem info: host: 'a', ip: 'fe80:0:0:0:1056:151a:18c2:4c85%en0', os.name: 'Mac OS X', os.arch: 'x86_64', os.version: '10.15.7', java.version: '11.0.13'\nDriver info: org.openqa.selenium.chrome.ChromeDriver\nCapabilities {acceptInsecureCerts: true, browserName: chrome, browserVersion: 102.0.5005.61, chrome: {chromedriverVersion: 102.0.5005.61 (0e59bcc00cc4..., userDataDir: /var/folders/19/sqtph3ms31b...}, goog:chromeOptions: {debuggerAddress: localhost:59049}, javascriptEnabled: true, networkConnectionEnabled: false, pageLoadStrategy: normal, platform: MAC, platformName: MAC, proxy: Proxy(), setWindowRect: true, strictFileInteractability: false, timeouts: {implicit: 0, pageLoad: 300000, script: 30000}, unhandledPromptBehavior: dismiss and notify, webauthn:extension:credBlob: true, webauthn:extension:largeBlob: true, webauthn:virtualAuthenticators: true}\nSession ID: a39a1ecd90a90a735196707548db5b97\n*** Element info: {Using=xpath, value=//descendant::div[@class='buyers-cards']/div[2]//div[contains(@class,'content__active')]//span[@class='elipsisText']}\n\tat jdk.internal.reflect.GeneratedConstructorAccessor15.newInstance(Unknown Source)\n\tat java.base/jdk.internal.reflect.DelegatingConstructorAccessorImpl.newInstance(DelegatingConstructorAccessorImpl.java:45)\n\tat java.base/java.lang.reflect.Constructor.newInstance(Constructor.java:490)\n\tat org.openqa.selenium.remote.http.W3CHttpResponseCodec.createException(W3CHttpResponseCodec.java:187)\n\tat org.openqa.selenium.remote.http.W3CHttpResponseCodec.decode(W3CHttpResponseCodec.java:122)\n\tat org.openqa.selenium.remote.http.W3CHttpResponseCodec.decode(W3CHttpResponseCodec.java:49)\n\tat org.openqa.selenium.remote.HttpCommandExecutor.execute(HttpCommandExecutor.java:158)\n\tat org.openqa.selenium.remote.service.DriverCommandExecutor.execute(DriverCommandExecutor.java:83)\n\tat org.openqa.selenium.remote.RemoteWebDriver.execute(RemoteWebDriver.java:552)\n\tat org.openqa.selenium.remote.RemoteWebDriver.findElement(RemoteWebDriver.java:323)\n\tat org.openqa.selenium.remote.RemoteWebDriver.findElementByXPath(RemoteWebDriver.java:428)\n\tat org.openqa.selenium.By$ByXPath.findElement(By.java:353)\n\tat org.openqa.selenium.remote.RemoteWebDriver.findElement(RemoteWebDriver.java:315)\n\tat com.codeborne.selenide.impl.WebElementSelector.findElement(WebElementSelector.java:70)\n\tat com.codeborne.selenide.impl.WebElementSelector.findElement(WebElementSelector.java:44)\n\tat com.codeborne.selenide.impl.WebElementSelector.findElement(WebElementSelector.java:33)\n\tat com.codeborne.selenide.impl.ElementFinder.getWebElement(ElementFinder.java:102)\n\tat com.codeborne.selenide.impl.WebElementSource.checkCondition(WebElementSource.java:99)\n\t... 35 more\n"},"stage":"finished","steps":[{"name":"Opening path 'https://qa-publisher-portal.rmp.rakuten.com/sales/deals'","status":"passed","stage":"finished","steps":[],"attachments":[],"parameters":[],"start":1654357692035,"stop":1654357692036},{"name":"Logging with user with mail 'os-serhii.shydlovsky@rakuten.com' and password 'Password1'","status":"passed","stage":"finished","steps":[],"attachments":[],"parameters":[],"start":1654357696127,"stop":1654357696127},{"name":"Validating 'Logo' Icon is visible on UI","status":"passed","stage":"finished","steps":[],"attachments":[],"parameters":[],"start":1654357698444,"stop":1654357698444},{"name":"Validating Web element with text 'os-serhii.shydlovsky@rakuten.com' is visible on UI","status":"passed","stage":"finished","steps":[],"attachments":[],"parameters":[],"start":1654357698563,"stop":1654357698564},{"name":"Validating 'Page Load Progressbar' is hidden on UI","status":"passed","stage":"finished","steps":[],"attachments":[],"parameters":[],"start":1654357698624,"stop":1654357698624},{"name":"Validating 'Table ProgressBar' is hidden on UI","status":"passed","stage":"finished","steps":[],"attachments":[],"parameters":[],"start":1654357698923,"stop":1654357698923},{"name":"Clicking on 'Create Deal' Button","status":"passed","stage":"finished","steps":[],"attachments":[],"parameters":[],"start":1654357698952,"stop":1654357698952},{"name":"Waiting Sidebar is opened and visible","status":"passed","stage":"finished","steps":[],"attachments":[],"parameters":[],"start":1654357699192,"stop":1654357699192},{"name":"Input text 'Deal_708666' in 'Publisher Name' Input","status":"passed","stage":"finished","steps":[],"attachments":[],"parameters":[],"start":1654357701072,"stop":1654357701072},{"name":"Select 0 value from 'Private Auction' Dropdown ","status":"passed","stage":"finished","steps":[],"attachments":[],"parameters":[],"start":1654357701718,"stop":1654357701718},{"name":"Select 0 value from 'Currency' Dropdown ","status":"passed","stage":"finished","steps":[],"attachments":[],"parameters":[],"start":1654357702146,"stop":1654357702146},{"name":"Clicking on 'Add More Seats' Button","status":"passed","stage":"finished","steps":[],"attachments":[],"parameters":[],"start":1654357702822,"stop":1654357702822},{"name":"Clicking on Autocomplete Item","status":"passed","stage":"finished","steps":[],"attachments":[],"parameters":[],"start":1654357703272,"stop":1654357703272}],"attachments":[{"name":"Screenshot","source":"1aaab232-fed6-46b0-9533-bc670a2ec2b5-attachment.png","type":"image/png"}],"parameters":[],"start":1654357692025,"stop":1654357709198,"uuid":"af73f9eb-e7e0-44cd-9c57-6ae930ecc1a7","historyId":"6cb8b14488dd4bc299b49353fbc9524c","fullName":"rx.DealsTest.createDealTest","labels":[{"name":"package","value":"rx.DealsTest"},{"name":"testClass","value":"rx.DealsTest"},{"name":"testMethod","value":"createDealTest"},{"name":"parentSuite","value":"Default Suite"},{"name":"suite","value":"RXUI_Automation"},{"name":"subSuite","value":"rx.DealsTest"},{"name":"host","value":"a"},{"name":"thread","value":"79225@a.main(1)"},{"name":"framework","value":"testng"},{"name":"language","value":"java"}],"links":[]}