{"uuid":"bb920900-c871-466d-bb7f-fc56107bbd05","name":"rx.PublisherTest","children":["69107b8b-b66e-4a56-9074-1197212a8c18","43e2ba10-3739-42f1-96c7-e1b706bf1b1a"],"befores":[{"name":"setUp","status":"passed","stage":"finished","description":"","steps":[{"name":"SetUp","status":"passed","stage":"finished","steps":[],"attachments":[],"parameters":[],"start":1655387017943,"stop":1655387017943}],"attachments":[],"parameters":[],"start":1655387017943,"stop":1655387017943},{"name":"createNewPublisher","status":"passed","stage":"finished","description":"","steps":[{"name":"Response Code: 200 ","status":"passed","stage":"finished","steps":[],"attachments":[],"parameters":[],"start":1655387019288,"stop":1655387019288},{"name":"\nResponse Body: '{\n    \"account\": {\n        \"id\": 96,\n        \"mail\": \"os-serhii.shydlovsky@rakuten.com\",\n        \"name\": \"Test Account\",\n        \"role\": 4,\n        \"publisherId\": null,\n        \"publisherName\": \"\",\n        \"loginId\": \"iRB6oqyu.2022-05-24.12-25-31\",\n        \"isEnabled\": true,\n        \"updatedAt\": \"2022-05-24T12:25:31Z\",\n        \"createdAt\": \"2022-05-24T12:25:31Z\"\n    },\n    \"payload\": {\n        \"id\": 96,\n        \"mail\": \"os-serhii.shydlovsky@rakuten.com\",\n        \"name\": \"Test Account\",\n        \"role\": 4,\n        \"publisherId\": null,\n        \"publisherName\": \"\",\n        \"loginId\": \"iRB6oqyu.2022-05-24.12-25-31\",\n        \"isEnabled\": true,\n        \"updatedAt\": \"2022-05-24T12:25:31Z\",\n        \"createdAt\": \"2022-05-24T12:25:31Z\",\n        \"exp\": 1655473419\n    },\n    \"token\": \"eyJhbGciOiJIUzI1NiIsInR5cCI6IkpXVCJ9.eyJpZCI6OTYsIm1haWwiOiJvcy1zZXJoaWkuc2h5ZGxvdnNreUByYWt1dGVuLmNvbSIsIm5hbWUiOiJUZXN0IEFjY291bnQiLCJyb2xlIjo0LCJwdWJsaXNoZXJJZCI6bnVsbCwicHVibGlzaGVyTmFtZSI6IiIsImxvZ2luSWQiOiJpUkI2b3F5dS4yMDIyLTA1LTI0LjEyLTI1LTMxIiwiaXNFbmFibGVkIjp0cnVlLCJ1cGRhdGVkQXQiOiIyMDIyLTA1LTI0VDEyOjI1OjMxWiIsImNyZWF0ZWRBdCI6IjIwMjItMDUtMjRUMTI6MjU6MzFaIiwiZXhwIjoxNjU1NDczNDE5fQ._b7q-WuRNbyoOkUmu8tlpp83XhE11OK1fKclef1hHVI\"\n}'","status":"passed","stage":"finished","steps":[],"attachments":[],"parameters":[],"start":1655387019304,"stop":1655387019304},{"name":"POST https://qa-s-api.rmp.rakuten.com/v2/publishers \nRequest body {\"name\":\"Publisher_339568\",\"mail\":\"levi.mccullough@gmail.com\",\"domain\":\"www.sherell-harvey.net\",\"currency\":\"JPY\",\"isEnabled\":true,\"dspIds\":[7],\"salesAccountName\":\"ops_persoj\",\"categoryIds\":[1,9]}","status":"passed","stage":"finished","steps":[],"attachments":[],"parameters":[],"start":1655387019310,"stop":1655387019310},{"name":"Response Code: 201 ","status":"passed","stage":"finished","steps":[],"attachments":[],"parameters":[],"start":1655387019525,"stop":1655387019525},{"name":"\nResponse Body: '{\n    \"id\": 1510,\n    \"name\": \"Publisher_339568\",\n    \"mail\": \"levi.mccullough@gmail.com\",\n    \"currency\": \"JPY\",\n    \"domain\": \"www.sherell-harvey.net\",\n    \"salesAccountName\": \"ops_persoj\",\n    \"categoryIds\": [\n        1,\n        9\n    ],\n    \"dspIds\": [\n        7\n    ],\n    \"isEnabled\": true,\n    \"createdAt\": \"2022-06-16T13:43:39Z\",\n    \"updatedAt\": \"2022-06-16T13:43:39Z\"\n}'","status":"passed","stage":"finished","steps":[],"attachments":[],"parameters":[],"start":1655387019525,"stop":1655387019525}],"attachments":[],"parameters":[],"start":1655387017943,"stop":1655387019549}],"afters":[{"name":"closeSessionAndVideoAttach","status":"broken","statusDetails":{"known":false,"muted":false,"flaky":false,"message":"no such window: target window already closed\nfrom unknown error: web view not found\n  (Session info: chrome=102.0.5005.115)\nBuild info: version: '3.141.59', revision: 'e82be7d358', time: '2018-11-14T08:17:03'\nSystem info: host: 'US17010293', ip: '10.0.0.157', os.name: 'Windows 10', os.arch: 'amd64', os.version: '10.0', java.version: '11.0.15'\nDriver info: org.openqa.selenium.chrome.ChromeDriver\nCapabilities {acceptInsecureCerts: true, browserName: chrome, browserVersion: 102.0.5005.115, chrome: {chromedriverVersion: 102.0.5005.61 (0e59bcc00cc4..., userDataDir: C:\\Users\\MAXIM~1.SEM\\AppDat...}, goog:chromeOptions: {debuggerAddress: localhost:58595}, javascriptEnabled: true, networkConnectionEnabled: false, pageLoadStrategy: normal, platform: WINDOWS, platformName: WINDOWS, proxy: Proxy(), setWindowRect: true, strictFileInteractability: false, timeouts: {implicit: 0, pageLoad: 300000, script: 30000}, unhandledPromptBehavior: dismiss and notify, webauthn:extension:credBlob: true, webauthn:extension:largeBlob: true, webauthn:virtualAuthenticators: true}\nSession ID: 266f5292489c97f36f251bd15b47a535","trace":"org.openqa.selenium.NoSuchWindowException: no such window: target window already closed\nfrom unknown error: web view not found\n  (Session info: chrome=102.0.5005.115)\nBuild info: version: '3.141.59', revision: 'e82be7d358', time: '2018-11-14T08:17:03'\nSystem info: host: 'US17010293', ip: '10.0.0.157', os.name: 'Windows 10', os.arch: 'amd64', os.version: '10.0', java.version: '11.0.15'\nDriver info: org.openqa.selenium.chrome.ChromeDriver\nCapabilities {acceptInsecureCerts: true, browserName: chrome, browserVersion: 102.0.5005.115, chrome: {chromedriverVersion: 102.0.5005.61 (0e59bcc00cc4..., userDataDir: C:\\Users\\MAXIM~1.SEM\\AppDat...}, goog:chromeOptions: {debuggerAddress: localhost:58595}, javascriptEnabled: true, networkConnectionEnabled: false, pageLoadStrategy: normal, platform: WINDOWS, platformName: WINDOWS, proxy: Proxy(), setWindowRect: true, strictFileInteractability: false, timeouts: {implicit: 0, pageLoad: 300000, script: 30000}, unhandledPromptBehavior: dismiss and notify, webauthn:extension:credBlob: true, webauthn:extension:largeBlob: true, webauthn:virtualAuthenticators: true}\nSession ID: 266f5292489c97f36f251bd15b47a535\r\n\tat jdk.internal.reflect.GeneratedConstructorAccessor39.newInstance(Unknown Source)\r\n\tat java.base/jdk.internal.reflect.DelegatingConstructorAccessorImpl.newInstance(DelegatingConstructorAccessorImpl.java:45)\r\n\tat java.base/java.lang.reflect.Constructor.newInstance(Constructor.java:490)\r\n\tat org.openqa.selenium.remote.http.W3CHttpResponseCodec.createException(W3CHttpResponseCodec.java:187)\r\n\tat org.openqa.selenium.remote.http.W3CHttpResponseCodec.decode(W3CHttpResponseCodec.java:122)\r\n\tat org.openqa.selenium.remote.http.W3CHttpResponseCodec.decode(W3CHttpResponseCodec.java:49)\r\n\tat org.openqa.selenium.remote.HttpCommandExecutor.execute(HttpCommandExecutor.java:158)\r\n\tat org.openqa.selenium.remote.service.DriverCommandExecutor.execute(DriverCommandExecutor.java:83)\r\n\tat org.openqa.selenium.remote.RemoteWebDriver.execute(RemoteWebDriver.java:552)\r\n\tat org.openqa.selenium.remote.RemoteWebDriver.execute(RemoteWebDriver.java:609)\r\n\tat org.openqa.selenium.remote.RemoteWebDriver$RemoteTargetLocator.alert(RemoteWebDriver.java:932)\r\n\tat managers.WebDriverManager.closeWebDriverSession(WebDriverManager.java:73)\r\n\tat rx.BaseTest.closeTheSession(BaseTest.java:43)\r\n\tat rx.BaseTest.closeSessionAndVideoAttach(BaseTest.java:49)\r\n\tat java.base/jdk.internal.reflect.NativeMethodAccessorImpl.invoke0(Native Method)\r\n\tat java.base/jdk.internal.reflect.NativeMethodAccessorImpl.invoke(NativeMethodAccessorImpl.java:62)\r\n\tat java.base/jdk.internal.reflect.DelegatingMethodAccessorImpl.invoke(DelegatingMethodAccessorImpl.java:43)\r\n\tat java.base/java.lang.reflect.Method.invoke(Method.java:566)\r\n\tat org.testng.internal.MethodInvocationHelper.invokeMethod(MethodInvocationHelper.java:134)\r\n\tat org.testng.internal.MethodInvocationHelper.invokeMethodConsideringTimeout(MethodInvocationHelper.java:63)\r\n\tat org.testng.internal.ConfigInvoker.invokeConfigurationMethod(ConfigInvoker.java:348)\r\n\tat org.testng.internal.ConfigInvoker.invokeConfigurations(ConfigInvoker.java:302)\r\n\tat org.testng.internal.TestMethodWorker.invokeAfterClassMethods(TestMethodWorker.java:217)\r\n\tat org.testng.internal.TestMethodWorker.run(TestMethodWorker.java:130)\r\n\tat java.base/java.util.ArrayList.forEach(ArrayList.java:1541)\r\n\tat org.testng.TestRunner.privateRun(TestRunner.java:766)\r\n\tat org.testng.TestRunner.run(TestRunner.java:587)\r\n\tat org.testng.SuiteRunner.runTest(SuiteRunner.java:384)\r\n\tat org.testng.SuiteRunner.runSequentially(SuiteRunner.java:378)\r\n\tat org.testng.SuiteRunner.privateRun(SuiteRunner.java:337)\r\n\tat org.testng.SuiteRunner.run(SuiteRunner.java:286)\r\n\tat org.testng.SuiteRunnerWorker.runSuite(SuiteRunnerWorker.java:53)\r\n\tat org.testng.SuiteRunnerWorker.run(SuiteRunnerWorker.java:96)\r\n\tat org.testng.TestNG.runSuitesSequentially(TestNG.java:1187)\r\n\tat org.testng.TestNG.runSuitesLocally(TestNG.java:1109)\r\n\tat org.testng.TestNG.runSuites(TestNG.java:1039)\r\n\tat org.testng.TestNG.run(TestNG.java:1007)\r\n\tat com.intellij.rt.testng.IDEARemoteTestNG.run(IDEARemoteTestNG.java:66)\r\n\tat com.intellij.rt.testng.RemoteTestNGStarter.main(RemoteTestNGStarter.java:109)\r\n"},"stage":"finished","description":"","steps":[{"name":"Attach The Browser Console log","status":"passed","stage":"finished","steps":[],"attachments":[{"name":"Browser log","source":"494c14db-c2a8-4af5-8114-2966f4e47649-attachment"}],"parameters":[],"start":1655387038870,"stop":1655387038896},{"name":"Close WebDriver Session","status":"broken","statusDetails":{"known":false,"muted":false,"flaky":false,"message":"no such window: target window already closed\nfrom unknown error: web view not found\n  (Session info: chrome=102.0.5005.115)\nBuild info: version: '3.141.59', revision: 'e82be7d358', time: '2018-11-14T08:17:03'\nSystem info: host: 'US17010293', ip: '10.0.0.157', os.name: 'Windows 10', os.arch: 'amd64', os.version: '10.0', java.version: '11.0.15'\nDriver info: org.openqa.selenium.chrome.ChromeDriver\nCapabilities {acceptInsecureCerts: true, browserName: chrome, browserVersion: 102.0.5005.115, chrome: {chromedriverVersion: 102.0.5005.61 (0e59bcc00cc4..., userDataDir: C:\\Users\\MAXIM~1.SEM\\AppDat...}, goog:chromeOptions: {debuggerAddress: localhost:58595}, javascriptEnabled: true, networkConnectionEnabled: false, pageLoadStrategy: normal, platform: WINDOWS, platformName: WINDOWS, proxy: Proxy(), setWindowRect: true, strictFileInteractability: false, timeouts: {implicit: 0, pageLoad: 300000, script: 30000}, unhandledPromptBehavior: dismiss and notify, webauthn:extension:credBlob: true, webauthn:extension:largeBlob: true, webauthn:virtualAuthenticators: true}\nSession ID: 266f5292489c97f36f251bd15b47a535","trace":"org.openqa.selenium.NoSuchWindowException: no such window: target window already closed\nfrom unknown error: web view not found\n  (Session info: chrome=102.0.5005.115)\nBuild info: version: '3.141.59', revision: 'e82be7d358', time: '2018-11-14T08:17:03'\nSystem info: host: 'US17010293', ip: '10.0.0.157', os.name: 'Windows 10', os.arch: 'amd64', os.version: '10.0', java.version: '11.0.15'\nDriver info: org.openqa.selenium.chrome.ChromeDriver\nCapabilities {acceptInsecureCerts: true, browserName: chrome, browserVersion: 102.0.5005.115, chrome: {chromedriverVersion: 102.0.5005.61 (0e59bcc00cc4..., userDataDir: C:\\Users\\MAXIM~1.SEM\\AppDat...}, goog:chromeOptions: {debuggerAddress: localhost:58595}, javascriptEnabled: true, networkConnectionEnabled: false, pageLoadStrategy: normal, platform: WINDOWS, platformName: WINDOWS, proxy: Proxy(), setWindowRect: true, strictFileInteractability: false, timeouts: {implicit: 0, pageLoad: 300000, script: 30000}, unhandledPromptBehavior: dismiss and notify, webauthn:extension:credBlob: true, webauthn:extension:largeBlob: true, webauthn:virtualAuthenticators: true}\nSession ID: 266f5292489c97f36f251bd15b47a535\r\n\tat jdk.internal.reflect.GeneratedConstructorAccessor39.newInstance(Unknown Source)\r\n\tat java.base/jdk.internal.reflect.DelegatingConstructorAccessorImpl.newInstance(DelegatingConstructorAccessorImpl.java:45)\r\n\tat java.base/java.lang.reflect.Constructor.newInstance(Constructor.java:490)\r\n\tat org.openqa.selenium.remote.http.W3CHttpResponseCodec.createException(W3CHttpResponseCodec.java:187)\r\n\tat org.openqa.selenium.remote.http.W3CHttpResponseCodec.decode(W3CHttpResponseCodec.java:122)\r\n\tat org.openqa.selenium.remote.http.W3CHttpResponseCodec.decode(W3CHttpResponseCodec.java:49)\r\n\tat org.openqa.selenium.remote.HttpCommandExecutor.execute(HttpCommandExecutor.java:158)\r\n\tat org.openqa.selenium.remote.service.DriverCommandExecutor.execute(DriverCommandExecutor.java:83)\r\n\tat org.openqa.selenium.remote.RemoteWebDriver.execute(RemoteWebDriver.java:552)\r\n\tat org.openqa.selenium.remote.RemoteWebDriver.execute(RemoteWebDriver.java:609)\r\n\tat org.openqa.selenium.remote.RemoteWebDriver$RemoteTargetLocator.alert(RemoteWebDriver.java:932)\r\n\tat managers.WebDriverManager.closeWebDriverSession(WebDriverManager.java:73)\r\n\tat rx.BaseTest.closeTheSession(BaseTest.java:43)\r\n\tat rx.BaseTest.closeSessionAndVideoAttach(BaseTest.java:49)\r\n\tat java.base/jdk.internal.reflect.NativeMethodAccessorImpl.invoke0(Native Method)\r\n\tat java.base/jdk.internal.reflect.NativeMethodAccessorImpl.invoke(NativeMethodAccessorImpl.java:62)\r\n\tat java.base/jdk.internal.reflect.DelegatingMethodAccessorImpl.invoke(DelegatingMethodAccessorImpl.java:43)\r\n\tat java.base/java.lang.reflect.Method.invoke(Method.java:566)\r\n\tat org.testng.internal.MethodInvocationHelper.invokeMethod(MethodInvocationHelper.java:134)\r\n\tat org.testng.internal.MethodInvocationHelper.invokeMethodConsideringTimeout(MethodInvocationHelper.java:63)\r\n\tat org.testng.internal.ConfigInvoker.invokeConfigurationMethod(ConfigInvoker.java:348)\r\n\tat org.testng.internal.ConfigInvoker.invokeConfigurations(ConfigInvoker.java:302)\r\n\tat org.testng.internal.TestMethodWorker.invokeAfterClassMethods(TestMethodWorker.java:217)\r\n\tat org.testng.internal.TestMethodWorker.run(TestMethodWorker.java:130)\r\n\tat java.base/java.util.ArrayList.forEach(ArrayList.java:1541)\r\n\tat org.testng.TestRunner.privateRun(TestRunner.java:766)\r\n\tat org.testng.TestRunner.run(TestRunner.java:587)\r\n\tat org.testng.SuiteRunner.runTest(SuiteRunner.java:384)\r\n\tat org.testng.SuiteRunner.runSequentially(SuiteRunner.java:378)\r\n\tat org.testng.SuiteRunner.privateRun(SuiteRunner.java:337)\r\n\tat org.testng.SuiteRunner.run(SuiteRunner.java:286)\r\n\tat org.testng.SuiteRunnerWorker.runSuite(SuiteRunnerWorker.java:53)\r\n\tat org.testng.SuiteRunnerWorker.run(SuiteRunnerWorker.java:96)\r\n\tat org.testng.TestNG.runSuitesSequentially(TestNG.java:1187)\r\n\tat org.testng.TestNG.runSuitesLocally(TestNG.java:1109)\r\n\tat org.testng.TestNG.runSuites(TestNG.java:1039)\r\n\tat org.testng.TestNG.run(TestNG.java:1007)\r\n\tat com.intellij.rt.testng.IDEARemoteTestNG.run(IDEARemoteTestNG.java:66)\r\n\tat com.intellij.rt.testng.RemoteTestNGStarter.main(RemoteTestNGStarter.java:109)\r\n"},"stage":"finished","steps":[],"attachments":[],"parameters":[],"start":1655387038896,"stop":1655387038896}],"attachments":[],"parameters":[],"start":1655387038870,"stop":1655387038896}],"links":[],"start":1655387004879,"stop":1655387038916}