{"name":"editPublisherTest","status":"failed","statusDetails":{"known":false,"muted":false,"flaky":false,"message":"Element not found {'Logo' Icon}\nExpected: visible\nScreenshot: file:/Users/hidlovskys/Documents/repos/java/RXUI_Automation/build/reports/tests/rx/PublisherTest/editPublisherTest/1653994995594.0.png\nPage source: file:/Users/hidlovskys/Documents/repos/java/RXUI_Automation/build/reports/tests/rx/PublisherTest/editPublisherTest/1653994995594.0.html\nTimeout: 10 s.\nCaused by: NoSuchElementException: no such element: Unable to locate element: {\"method\":\"xpath\",\"selector\":\"//div[@class='logo']/../..\"}","trace":"Element not found {'Logo' Icon}\nExpected: visible\nScreenshot: file:/Users/hidlovskys/Documents/repos/java/RXUI_Automation/build/reports/tests/rx/PublisherTest/editPublisherTest/1653994995594.0.png\nPage source: file:/Users/hidlovskys/Documents/repos/java/RXUI_Automation/build/reports/tests/rx/PublisherTest/editPublisherTest/1653994995594.0.html\nTimeout: 10 s.\nCaused by: NoSuchElementException: no such element: Unable to locate element: {\"method\":\"xpath\",\"selector\":\"//div[@class='logo']/../..\"}\n\tat com.codeborne.selenide.impl.WebElementSource.createElementNotFoundError(WebElementSource.java:83)\n\tat com.codeborne.selenide.impl.ElementFinder.createElementNotFoundError(ElementFinder.java:122)\n\tat com.codeborne.selenide.impl.WebElementSource.checkCondition(WebElementSource.java:114)\n\tat com.codeborne.selenide.commands.Should.execute(Should.java:30)\n\tat com.codeborne.selenide.commands.Should.execute(Should.java:14)\n\tat com.codeborne.selenide.commands.Commands.execute(Commands.java:157)\n\tat com.codeborne.selenide.impl.SelenideElementProxy.dispatchAndRetry(SelenideElementProxy.java:134)\n\tat com.codeborne.selenide.impl.SelenideElementProxy.invoke(SelenideElementProxy.java:86)\n\tat com.sun.proxy.$Proxy26.shouldBe(Unknown Source)\n\tat managers.TestManager$TestManagerBuilder.lambda$validate$8(TestManager.java:298)\n\tat java.base/java.util.Spliterators$ArraySpliterator.forEachRemaining(Spliterators.java:948)\n\tat java.base/java.util.stream.ReferencePipeline$Head.forEach(ReferencePipeline.java:658)\n\tat managers.TestManager$TestManagerBuilder.validate(TestManager.java:296)\n\tat rx.PublisherTest.editPublisherTest(PublisherTest.java:54)\n\tat java.base/jdk.internal.reflect.NativeMethodAccessorImpl.invoke0(Native Method)\n\tat java.base/jdk.internal.reflect.NativeMethodAccessorImpl.invoke(NativeMethodAccessorImpl.java:62)\n\tat java.base/jdk.internal.reflect.DelegatingMethodAccessorImpl.invoke(DelegatingMethodAccessorImpl.java:43)\n\tat java.base/java.lang.reflect.Method.invoke(Method.java:566)\n\tat org.testng.internal.MethodInvocationHelper.invokeMethod(MethodInvocationHelper.java:134)\n\tat org.testng.internal.TestInvoker.invokeMethod(TestInvoker.java:597)\n\tat org.testng.internal.TestInvoker.invokeTestMethod(TestInvoker.java:173)\n\tat org.testng.internal.MethodRunner.runInSequence(MethodRunner.java:46)\n\tat org.testng.internal.TestInvoker$MethodInvocationAgent.invoke(TestInvoker.java:816)\n\tat org.testng.internal.TestInvoker.invokeTestMethods(TestInvoker.java:146)\n\tat org.testng.internal.TestMethodWorker.invokeTestMethods(TestMethodWorker.java:146)\n\tat org.testng.internal.TestMethodWorker.run(TestMethodWorker.java:128)\n\tat java.base/java.util.ArrayList.forEach(ArrayList.java:1541)\n\tat org.testng.TestRunner.privateRun(TestRunner.java:766)\n\tat org.testng.TestRunner.run(TestRunner.java:587)\n\tat org.testng.SuiteRunner.runTest(SuiteRunner.java:384)\n\tat org.testng.SuiteRunner.runSequentially(SuiteRunner.java:378)\n\tat org.testng.SuiteRunner.privateRun(SuiteRunner.java:337)\n\tat org.testng.SuiteRunner.run(SuiteRunner.java:286)\n\tat org.testng.SuiteRunnerWorker.runSuite(SuiteRunnerWorker.java:53)\n\tat org.testng.SuiteRunnerWorker.run(SuiteRunnerWorker.java:96)\n\tat org.testng.TestNG.runSuitesSequentially(TestNG.java:1187)\n\tat org.testng.TestNG.runSuitesLocally(TestNG.java:1109)\n\tat org.testng.TestNG.runSuites(TestNG.java:1039)\n\tat org.testng.TestNG.run(TestNG.java:1007)\n\tat com.intellij.rt.testng.IDEARemoteTestNG.run(IDEARemoteTestNG.java:66)\n\tat com.intellij.rt.testng.RemoteTestNGStarter.main(RemoteTestNGStarter.java:109)\nCaused by: org.openqa.selenium.NoSuchElementException: no such element: Unable to locate element: {\"method\":\"xpath\",\"selector\":\"//div[@class='logo']/../..\"}\n  (Session info: chrome=101.0.4951.64)\nFor documentation on this error, please visit: https://www.seleniumhq.org/exceptions/no_such_element.html\nBuild info: version: '3.141.59', revision: 'e82be7d358', time: '2018-11-14T08:17:03'\nSystem info: host: 'BR00010001.intra.rakuten.co.jp', ip: 'fe80:0:0:0:1056:151a:18c2:4c85%en0', os.name: 'Mac OS X', os.arch: 'x86_64', os.version: '10.15.7', java.version: '11.0.13'\nDriver info: org.openqa.selenium.chrome.ChromeDriver\nCapabilities {acceptInsecureCerts: true, browserName: chrome, browserVersion: 101.0.4951.64, chrome: {chromedriverVersion: 101.0.4951.41 (93c720db8323..., userDataDir: /var/folders/19/sqtph3ms31b...}, goog:chromeOptions: {debuggerAddress: localhost:56907}, javascriptEnabled: true, networkConnectionEnabled: false, pageLoadStrategy: normal, platform: MAC, platformName: MAC, proxy: Proxy(), setWindowRect: true, strictFileInteractability: false, timeouts: {implicit: 0, pageLoad: 300000, script: 30000}, unhandledPromptBehavior: dismiss and notify, webauthn:extension:credBlob: true, webauthn:extension:largeBlob: true, webauthn:virtualAuthenticators: true}\nSession ID: 0f88d7e77198d584c781e53690ca5104\n*** Element info: {Using=xpath, value=//div[@class='logo']/../..}\n\tat jdk.internal.reflect.GeneratedConstructorAccessor27.newInstance(Unknown Source)\n\tat java.base/jdk.internal.reflect.DelegatingConstructorAccessorImpl.newInstance(DelegatingConstructorAccessorImpl.java:45)\n\tat java.base/java.lang.reflect.Constructor.newInstance(Constructor.java:490)\n\tat org.openqa.selenium.remote.http.W3CHttpResponseCodec.createException(W3CHttpResponseCodec.java:187)\n\tat org.openqa.selenium.remote.http.W3CHttpResponseCodec.decode(W3CHttpResponseCodec.java:122)\n\tat org.openqa.selenium.remote.http.W3CHttpResponseCodec.decode(W3CHttpResponseCodec.java:49)\n\tat org.openqa.selenium.remote.HttpCommandExecutor.execute(HttpCommandExecutor.java:158)\n\tat org.openqa.selenium.remote.service.DriverCommandExecutor.execute(DriverCommandExecutor.java:83)\n\tat org.openqa.selenium.remote.RemoteWebDriver.execute(RemoteWebDriver.java:552)\n\tat org.openqa.selenium.remote.RemoteWebDriver.findElement(RemoteWebDriver.java:323)\n\tat org.openqa.selenium.remote.RemoteWebDriver.findElementByXPath(RemoteWebDriver.java:428)\n\tat org.openqa.selenium.By$ByXPath.findElement(By.java:353)\n\tat org.openqa.selenium.remote.RemoteWebDriver.findElement(RemoteWebDriver.java:315)\n\tat com.codeborne.selenide.impl.WebElementSelector.findElement(WebElementSelector.java:70)\n\tat com.codeborne.selenide.impl.WebElementSelector.findElement(WebElementSelector.java:44)\n\tat com.codeborne.selenide.impl.WebElementSelector.findElement(WebElementSelector.java:33)\n\tat com.codeborne.selenide.impl.ElementFinder.getWebElement(ElementFinder.java:102)\n\tat com.codeborne.selenide.impl.WebElementSource.checkCondition(WebElementSource.java:99)\n\t... 38 more\n"},"stage":"finished","steps":[{"name":"Opening path 'https://qa-publisher-portal.rmp.rakuten.com/publisher'","status":"passed","stage":"finished","steps":[],"attachments":[],"parameters":[],"start":1653994977868,"stop":1653994977868},{"name":"Logging with user with mail 'os-serhii.shydlovsky@rakuten.com' and password 'Password1'","status":"passed","stage":"finished","steps":[],"attachments":[],"parameters":[],"start":1653994983963,"stop":1653994983963},{"name":"Validating 'Logo' Icon is visible on UI","status":"passed","stage":"finished","steps":[],"attachments":[],"parameters":[],"start":1653994985549,"stop":1653994985549}],"attachments":[{"name":"Screenshot","source":"ab9e7385-2115-4a10-959b-855708e77e91-attachment.png","type":"image/png"}],"parameters":[],"start":1653994977860,"stop":1653994999470,"uuid":"ecd4f373-2ccc-4904-a979-5f7c0dc06704","historyId":"5dfeacea14711aa4e9b751ab7c66988f","fullName":"rx.PublisherTest.editPublisherTest","labels":[{"name":"package","value":"rx.PublisherTest"},{"name":"testClass","value":"rx.PublisherTest"},{"name":"testMethod","value":"editPublisherTest"},{"name":"parentSuite","value":"Default Suite"},{"name":"suite","value":"RXUI_Automation"},{"name":"subSuite","value":"rx.PublisherTest"},{"name":"host","value":"BR00010001.intra.rakuten.co.jp"},{"name":"thread","value":"41017@BR00010001.intra.rakuten.co.jp.main(1)"},{"name":"framework","value":"testng"},{"name":"language","value":"java"}],"links":[]}